2022-12-22T05:35:49: ********************************************************************************
2022-12-22T05:35:49: *                                   csobsdef                                   *
2022-12-22T05:35:49: * ---------------------------------------------------------------------------- *
2022-12-22T05:35:49: * Version: 2.0.0                                                               *
2022-12-22T05:35:49: ********************************************************************************
2022-12-22T05:35:49: +============+
2022-12-22T05:35:49: | Parameters |
2022-12-22T05:35:49: +============+
2022-12-22T05:35:49:  inpnt .....................: pointings.txt
2022-12-22T05:35:49:  outobs ....................: obsdef.xml
2022-12-22T05:35:49:  duration ..................: 7200
2022-12-22T05:35:49:  name ......................: None
2022-12-22T05:35:49:  instrument ................: CTA
2022-12-22T05:35:49:  caldb .....................: mult3_zd20_m2
2022-12-22T05:35:49:  irf .......................: South_50h
2022-12-22T05:35:49:  emin ......................: 0.1
2022-12-22T05:35:49:  emax ......................: 10
2022-12-22T05:35:49:  rad .......................: 4
2022-12-22T05:35:49:  deadc .....................: 0.98
2022-12-22T05:35:49:  mjdref ....................: 51544.5
2022-12-22T05:35:49:  chatter ...................: 4
2022-12-22T05:35:49:  clobber ...................: yes
2022-12-22T05:35:49:  debug .....................: yes
2022-12-22T05:35:49:  mode ......................: ql
2022-12-22T05:35:49:  logfile ...................: csobsdef.log
2022-12-22T05:35:49: 
2022-12-22T05:35:49: +==========================================+
2022-12-22T05:35:49: | Creating observation definition XML file |
2022-12-22T05:35:49: +==========================================+
2022-12-22T05:35:49:  CTA observation ...........: Name="None" ID="1"
2022-12-22T05:35:49: === GCTAObservation ===
2022-12-22T05:35:49:  Name ......................: None
2022-12-22T05:35:49:  Identifier ................: 1
2022-12-22T05:35:49:  Instrument ................: CTA
2022-12-22T05:35:49:  Event file ................: 
2022-12-22T05:35:49:  Event type ................: EventList
2022-12-22T05:35:49:  Statistic .................: cstat
2022-12-22T05:35:49:  Ontime ....................: 7200 s
2022-12-22T05:35:49:  Livetime ..................: 7056 s
2022-12-22T05:35:49:  Deadtime correction .......: 0.98
2022-12-22T05:35:49:  User energy range .........: undefined
2022-12-22T05:35:49: === GCTAPointing ===
2022-12-22T05:35:49:  Pointing direction ........: (RA,Dec)=(267.68,-29.61)
2022-12-22T05:35:49: === GCTAResponseIrf ===
2022-12-22T05:35:49:  Caldb mission .............: cta
2022-12-22T05:35:49:  Caldb instrument ..........: mult3_zd20_m2
2022-12-22T05:35:49:  Response name .............: South_50h
2022-12-22T05:35:49:  Energy dispersion .........: Not used
2022-12-22T05:35:49:  Safe energy range .........: undefined
2022-12-22T05:35:49: === GCTAEventList ===
2022-12-22T05:35:49:  Number of events ..........: 0 (disposed without possibility to recover)
2022-12-22T05:35:49:  Time interval .............: 51544.5 - 51544.5833333333 days
2022-12-22T05:35:49:  Energy interval ...........: 0.1 - 10 TeV
2022-12-22T05:35:49:  Region of interest ........: RA=267.68, DEC=-29.61 [0,0] Radius=4 deg
2022-12-22T05:35:49: === GSkyRegions ===
2022-12-22T05:35:49:  Number of regions .........: 0
2022-12-22T05:35:49: 
2022-12-22T05:35:49:  CTA observation ...........: Name="None" ID="2"
2022-12-22T05:35:49: === GCTAObservation ===
2022-12-22T05:35:49:  Name ......................: None
2022-12-22T05:35:49:  Identifier ................: 2
2022-12-22T05:35:49:  Instrument ................: CTA
2022-12-22T05:35:49:  Event file ................: 
2022-12-22T05:35:49:  Event type ................: EventList
2022-12-22T05:35:49:  Statistic .................: cstat
2022-12-22T05:35:49:  Ontime ....................: 7200 s
2022-12-22T05:35:49:  Livetime ..................: 7056 s
2022-12-22T05:35:49:  Deadtime correction .......: 0.98
2022-12-22T05:35:49:  User energy range .........: undefined
2022-12-22T05:35:49: === GCTAPointing ===
2022-12-22T05:35:49:  Pointing direction ........: (RA,Dec)=(267.68,-29.61)
2022-12-22T05:35:49: === GCTAResponseIrf ===
2022-12-22T05:35:49:  Caldb mission .............: cta
2022-12-22T05:35:49:  Caldb instrument ..........: mult3_zd20_m2
2022-12-22T05:35:49:  Response name .............: South_50h
2022-12-22T05:35:49:  Energy dispersion .........: Not used
2022-12-22T05:35:49:  Safe energy range .........: undefined
2022-12-22T05:35:49: === GCTAEventList ===
2022-12-22T05:35:49:  Number of events ..........: 0 (disposed without possibility to recover)
2022-12-22T05:35:49:  Time interval .............: 51544.5833333333 - 51544.6666666667 days
2022-12-22T05:35:49:  Energy interval ...........: 0.1 - 10 TeV
2022-12-22T05:35:49:  Region of interest ........: RA=267.68, DEC=-29.61 [0,0] Radius=4 deg
2022-12-22T05:35:49: === GSkyRegions ===
2022-12-22T05:35:49:  Number of regions .........: 0
2022-12-22T05:35:49: 
2022-12-22T05:35:49:  CTA observation ...........: Name="None" ID="3"
2022-12-22T05:35:49: === GCTAObservation ===
2022-12-22T05:35:49:  Name ......................: None
2022-12-22T05:35:49:  Identifier ................: 3
2022-12-22T05:35:49:  Instrument ................: CTA
2022-12-22T05:35:49:  Event file ................: 
2022-12-22T05:35:49:  Event type ................: EventList
2022-12-22T05:35:49:  Statistic .................: cstat
2022-12-22T05:35:49:  Ontime ....................: 7200 s
2022-12-22T05:35:49:  Livetime ..................: 7056 s
2022-12-22T05:35:49:  Deadtime correction .......: 0.98
2022-12-22T05:35:49:  User energy range .........: undefined
2022-12-22T05:35:49: === GCTAPointing ===
2022-12-22T05:35:49:  Pointing direction ........: (RA,Dec)=(267.68,-29.61)
2022-12-22T05:35:49: === GCTAResponseIrf ===
2022-12-22T05:35:49:  Caldb mission .............: cta
2022-12-22T05:35:49:  Caldb instrument ..........: mult3_zd20_m2
2022-12-22T05:35:49:  Response name .............: South_50h
2022-12-22T05:35:49:  Energy dispersion .........: Not used
2022-12-22T05:35:49:  Safe energy range .........: undefined
2022-12-22T05:35:49: === GCTAEventList ===
2022-12-22T05:35:49:  Number of events ..........: 0 (disposed without possibility to recover)
2022-12-22T05:35:49:  Time interval .............: 51544.6666666667 - 51544.75 days
2022-12-22T05:35:49:  Energy interval ...........: 0.1 - 10 TeV
2022-12-22T05:35:49:  Region of interest ........: RA=267.68, DEC=-29.61 [0,0] Radius=4 deg
2022-12-22T05:35:49: === GSkyRegions ===
2022-12-22T05:35:49:  Number of regions .........: 0
2022-12-22T05:35:49: 
2022-12-22T05:35:49:  CTA observation ...........: Name="None" ID="4"
2022-12-22T05:35:49: === GCTAObservation ===
2022-12-22T05:35:49:  Name ......................: None
2022-12-22T05:35:49:  Identifier ................: 4
2022-12-22T05:35:49:  Instrument ................: CTA
2022-12-22T05:35:49:  Event file ................: 
2022-12-22T05:35:49:  Event type ................: EventList
2022-12-22T05:35:49:  Statistic .................: cstat
2022-12-22T05:35:49:  Ontime ....................: 7200 s
2022-12-22T05:35:49:  Livetime ..................: 7056 s
2022-12-22T05:35:49:  Deadtime correction .......: 0.98
2022-12-22T05:35:49:  User energy range .........: undefined
2022-12-22T05:35:49: === GCTAPointing ===
2022-12-22T05:35:49:  Pointing direction ........: (RA,Dec)=(267.68,-29.61)
2022-12-22T05:35:49: === GCTAResponseIrf ===
2022-12-22T05:35:49:  Caldb mission .............: cta
2022-12-22T05:35:49:  Caldb instrument ..........: mult3_zd20_m2
2022-12-22T05:35:49:  Response name .............: South_50h
2022-12-22T05:35:49:  Energy dispersion .........: Not used
2022-12-22T05:35:49:  Safe energy range .........: undefined
2022-12-22T05:35:49: === GCTAEventList ===
2022-12-22T05:35:49:  Number of events ..........: 0 (disposed without possibility to recover)
2022-12-22T05:35:49:  Time interval .............: 51544.75 - 51544.8333333333 days
2022-12-22T05:35:49:  Energy interval ...........: 0.1 - 10 TeV
2022-12-22T05:35:49:  Region of interest ........: RA=267.68, DEC=-29.61 [0,0] Radius=4 deg
2022-12-22T05:35:49: === GSkyRegions ===
2022-12-22T05:35:49:  Number of regions .........: 0
2022-12-22T05:35:49: 
2022-12-22T05:35:49:  CTA observation ...........: Name="None" ID="5"
2022-12-22T05:35:49: === GCTAObservation ===
2022-12-22T05:35:49:  Name ......................: None
2022-12-22T05:35:49:  Identifier ................: 5
2022-12-22T05:35:49:  Instrument ................: CTA
2022-12-22T05:35:49:  Event file ................: 
2022-12-22T05:35:49:  Event type ................: EventList
2022-12-22T05:35:49:  Statistic .................: cstat
2022-12-22T05:35:49:  Ontime ....................: 7200 s
2022-12-22T05:35:49:  Livetime ..................: 7056 s
2022-12-22T05:35:49:  Deadtime correction .......: 0.98
2022-12-22T05:35:49:  User energy range .........: undefined
2022-12-22T05:35:49: === GCTAPointing ===
2022-12-22T05:35:49:  Pointing direction ........: (RA,Dec)=(267.68,-29.61)
2022-12-22T05:35:49: === GCTAResponseIrf ===
2022-12-22T05:35:49:  Caldb mission .............: cta
2022-12-22T05:35:49:  Caldb instrument ..........: mult3_zd20_m2
2022-12-22T05:35:49:  Response name .............: South_50h
2022-12-22T05:35:49:  Energy dispersion .........: Not used
2022-12-22T05:35:49:  Safe energy range .........: undefined
2022-12-22T05:35:49: === GCTAEventList ===
2022-12-22T05:35:49:  Number of events ..........: 0 (disposed without possibility to recover)
2022-12-22T05:35:49:  Time interval .............: 51544.8333333333 - 51544.9166666667 days
2022-12-22T05:35:49:  Energy interval ...........: 0.1 - 10 TeV
2022-12-22T05:35:49:  Region of interest ........: RA=267.68, DEC=-29.61 [0,0] Radius=4 deg
2022-12-22T05:35:49: === GSkyRegions ===
2022-12-22T05:35:49:  Number of regions .........: 0
2022-12-22T05:35:49: 
2022-12-22T05:35:49:  CTA observation ...........: Name="None" ID="6"
2022-12-22T05:35:49: === GCTAObservation ===
2022-12-22T05:35:49:  Name ......................: None
2022-12-22T05:35:49:  Identifier ................: 6
2022-12-22T05:35:49:  Instrument ................: CTA
2022-12-22T05:35:49:  Event file ................: 
2022-12-22T05:35:49:  Event type ................: EventList
2022-12-22T05:35:49:  Statistic .................: cstat
2022-12-22T05:35:49:  Ontime ....................: 7200 s
2022-12-22T05:35:49:  Livetime ..................: 7056 s
2022-12-22T05:35:49:  Deadtime correction .......: 0.98
2022-12-22T05:35:49:  User energy range .........: undefined
2022-12-22T05:35:49: === GCTAPointing ===
2022-12-22T05:35:49:  Pointing direction ........: (RA,Dec)=(267.68,-29.61)
2022-12-22T05:35:49: === GCTAResponseIrf ===
2022-12-22T05:35:49:  Caldb mission .............: cta
2022-12-22T05:35:49:  Caldb instrument ..........: mult3_zd20_m2
2022-12-22T05:35:49:  Response name .............: South_50h
2022-12-22T05:35:49:  Energy dispersion .........: Not used
2022-12-22T05:35:49:  Safe energy range .........: undefined
2022-12-22T05:35:49: === GCTAEventList ===
2022-12-22T05:35:49:  Number of events ..........: 0 (disposed without possibility to recover)
2022-12-22T05:35:49:  Time interval .............: 51544.9166666667 - 51545 days
2022-12-22T05:35:49:  Energy interval ...........: 0.1 - 10 TeV
2022-12-22T05:35:49:  Region of interest ........: RA=267.68, DEC=-29.61 [0,0] Radius=4 deg
2022-12-22T05:35:49: === GSkyRegions ===
2022-12-22T05:35:49:  Number of regions .........: 0
2022-12-22T05:35:49: 
2022-12-22T05:35:49:  CTA observation ...........: Name="None" ID="7"
2022-12-22T05:35:49: === GCTAObservation ===
2022-12-22T05:35:49:  Name ......................: None
2022-12-22T05:35:49:  Identifier ................: 7
2022-12-22T05:35:49:  Instrument ................: CTA
2022-12-22T05:35:49:  Event file ................: 
2022-12-22T05:35:49:  Event type ................: EventList
2022-12-22T05:35:49:  Statistic .................: cstat
2022-12-22T05:35:49:  Ontime ....................: 7200 s
2022-12-22T05:35:49:  Livetime ..................: 7056 s
2022-12-22T05:35:49:  Deadtime correction .......: 0.98
2022-12-22T05:35:49:  User energy range .........: undefined
2022-12-22T05:35:49: === GCTAPointing ===
2022-12-22T05:35:49:  Pointing direction ........: (RA,Dec)=(267.68,-29.61)
2022-12-22T05:35:49: === GCTAResponseIrf ===
2022-12-22T05:35:49:  Caldb mission .............: cta
2022-12-22T05:35:49:  Caldb instrument ..........: mult3_zd20_m2
2022-12-22T05:35:49:  Response name .............: South_50h
2022-12-22T05:35:49:  Energy dispersion .........: Not used
2022-12-22T05:35:49:  Safe energy range .........: undefined
2022-12-22T05:35:49: === GCTAEventList ===
2022-12-22T05:35:49:  Number of events ..........: 0 (disposed without possibility to recover)
2022-12-22T05:35:49:  Time interval .............: 51545 - 51545.0833333333 days
2022-12-22T05:35:49:  Energy interval ...........: 0.1 - 10 TeV
2022-12-22T05:35:49:  Region of interest ........: RA=267.68, DEC=-29.61 [0,0] Radius=4 deg
2022-12-22T05:35:49: === GSkyRegions ===
2022-12-22T05:35:49:  Number of regions .........: 0
2022-12-22T05:35:49: 
2022-12-22T05:35:49:  CTA observation ...........: Name="None" ID="8"
2022-12-22T05:35:49: === GCTAObservation ===
2022-12-22T05:35:49:  Name ......................: None
2022-12-22T05:35:49:  Identifier ................: 8
2022-12-22T05:35:49:  Instrument ................: CTA
2022-12-22T05:35:49:  Event file ................: 
2022-12-22T05:35:49:  Event type ................: EventList
2022-12-22T05:35:49:  Statistic .................: cstat
2022-12-22T05:35:49:  Ontime ....................: 7200 s
2022-12-22T05:35:49:  Livetime ..................: 7056 s
2022-12-22T05:35:49:  Deadtime correction .......: 0.98
2022-12-22T05:35:49:  User energy range .........: undefined
2022-12-22T05:35:49: === GCTAPointing ===
2022-12-22T05:35:49:  Pointing direction ........: (RA,Dec)=(267.68,-29.61)
2022-12-22T05:35:49: === GCTAResponseIrf ===
2022-12-22T05:35:49:  Caldb mission .............: cta
2022-12-22T05:35:49:  Caldb instrument ..........: mult3_zd20_m2
2022-12-22T05:35:49:  Response name .............: South_50h
2022-12-22T05:35:49:  Energy dispersion .........: Not used
2022-12-22T05:35:49:  Safe energy range .........: undefined
2022-12-22T05:35:49: === GCTAEventList ===
2022-12-22T05:35:49:  Number of events ..........: 0 (disposed without possibility to recover)
2022-12-22T05:35:49:  Time interval .............: 51545.0833333333 - 51545.1666666667 days
2022-12-22T05:35:49:  Energy interval ...........: 0.1 - 10 TeV
2022-12-22T05:35:49:  Region of interest ........: RA=267.68, DEC=-29.61 [0,0] Radius=4 deg
2022-12-22T05:35:49: === GSkyRegions ===
2022-12-22T05:35:49:  Number of regions .........: 0
2022-12-22T05:35:49: 
2022-12-22T05:35:49:  CTA observation ...........: Name="None" ID="9"
2022-12-22T05:35:49: === GCTAObservation ===
2022-12-22T05:35:49:  Name ......................: None
2022-12-22T05:35:49:  Identifier ................: 9
2022-12-22T05:35:49:  Instrument ................: CTA
2022-12-22T05:35:49:  Event file ................: 
2022-12-22T05:35:49:  Event type ................: EventList
2022-12-22T05:35:49:  Statistic .................: cstat
2022-12-22T05:35:49:  Ontime ....................: 7200 s
2022-12-22T05:35:49:  Livetime ..................: 7056 s
2022-12-22T05:35:49:  Deadtime correction .......: 0.98
2022-12-22T05:35:49:  User energy range .........: undefined
2022-12-22T05:35:49: === GCTAPointing ===
2022-12-22T05:35:49:  Pointing direction ........: (RA,Dec)=(267.68,-29.61)
2022-12-22T05:35:49: === GCTAResponseIrf ===
2022-12-22T05:35:49:  Caldb mission .............: cta
2022-12-22T05:35:49:  Caldb instrument ..........: mult3_zd20_m2
2022-12-22T05:35:49:  Response name .............: South_50h
2022-12-22T05:35:49:  Energy dispersion .........: Not used
2022-12-22T05:35:49:  Safe energy range .........: undefined
2022-12-22T05:35:49: === GCTAEventList ===
2022-12-22T05:35:49:  Number of events ..........: 0 (disposed without possibility to recover)
2022-12-22T05:35:49:  Time interval .............: 51545.1666666667 - 51545.25 days
2022-12-22T05:35:49:  Energy interval ...........: 0.1 - 10 TeV
2022-12-22T05:35:49:  Region of interest ........: RA=267.68, DEC=-29.61 [0,0] Radius=4 deg
2022-12-22T05:35:49: === GSkyRegions ===
2022-12-22T05:35:49:  Number of regions .........: 0
2022-12-22T05:35:49: 
2022-12-22T05:35:49:  CTA observation ...........: Name="None" ID="10"
2022-12-22T05:35:49: === GCTAObservation ===
2022-12-22T05:35:49:  Name ......................: None
2022-12-22T05:35:49:  Identifier ................: 10
2022-12-22T05:35:49:  Instrument ................: CTA
2022-12-22T05:35:49:  Event file ................: 
2022-12-22T05:35:49:  Event type ................: EventList
2022-12-22T05:35:49:  Statistic .................: cstat
2022-12-22T05:35:49:  Ontime ....................: 7200 s
2022-12-22T05:35:49:  Livetime ..................: 7056 s
2022-12-22T05:35:49:  Deadtime correction .......: 0.98
2022-12-22T05:35:49:  User energy range .........: undefined
2022-12-22T05:35:49: === GCTAPointing ===
2022-12-22T05:35:49:  Pointing direction ........: (RA,Dec)=(267.68,-29.61)
2022-12-22T05:35:49: === GCTAResponseIrf ===
2022-12-22T05:35:49:  Caldb mission .............: cta
2022-12-22T05:35:49:  Caldb instrument ..........: mult3_zd20_m2
2022-12-22T05:35:49:  Response name .............: South_50h
2022-12-22T05:35:49:  Energy dispersion .........: Not used
2022-12-22T05:35:49:  Safe energy range .........: undefined
2022-12-22T05:35:49: === GCTAEventList ===
2022-12-22T05:35:49:  Number of events ..........: 0 (disposed without possibility to recover)
2022-12-22T05:35:49:  Time interval .............: 51545.25 - 51545.3333333333 days
2022-12-22T05:35:49:  Energy interval ...........: 0.1 - 10 TeV
2022-12-22T05:35:49:  Region of interest ........: RA=267.68, DEC=-29.61 [0,0] Radius=4 deg
2022-12-22T05:35:49: === GSkyRegions ===
2022-12-22T05:35:49:  Number of regions .........: 0
2022-12-22T05:35:49: 
2022-12-22T05:35:49:  CTA observation ...........: Name="None" ID="11"
2022-12-22T05:35:49: === GCTAObservation ===
2022-12-22T05:35:49:  Name ......................: None
2022-12-22T05:35:49:  Identifier ................: 11
2022-12-22T05:35:49:  Instrument ................: CTA
2022-12-22T05:35:49:  Event file ................: 
2022-12-22T05:35:49:  Event type ................: EventList
2022-12-22T05:35:49:  Statistic .................: cstat
2022-12-22T05:35:49:  Ontime ....................: 7200 s
2022-12-22T05:35:49:  Livetime ..................: 7056 s
2022-12-22T05:35:49:  Deadtime correction .......: 0.98
2022-12-22T05:35:49:  User energy range .........: undefined
2022-12-22T05:35:49: === GCTAPointing ===
2022-12-22T05:35:49:  Pointing direction ........: (RA,Dec)=(267.68,-29.61)
2022-12-22T05:35:49: === GCTAResponseIrf ===
2022-12-22T05:35:49:  Caldb mission .............: cta
2022-12-22T05:35:49:  Caldb instrument ..........: mult3_zd20_m2
2022-12-22T05:35:49:  Response name .............: South_50h
2022-12-22T05:35:49:  Energy dispersion .........: Not used
2022-12-22T05:35:49:  Safe energy range .........: undefined
2022-12-22T05:35:49: === GCTAEventList ===
2022-12-22T05:35:49:  Number of events ..........: 0 (disposed without possibility to recover)
2022-12-22T05:35:49:  Time interval .............: 51545.3333333333 - 51545.4166666667 days
2022-12-22T05:35:49:  Energy interval ...........: 0.1 - 10 TeV
2022-12-22T05:35:49:  Region of interest ........: RA=267.68, DEC=-29.61 [0,0] Radius=4 deg
2022-12-22T05:35:49: === GSkyRegions ===
2022-12-22T05:35:49:  Number of regions .........: 0
2022-12-22T05:35:49: 
2022-12-22T05:35:49:  CTA observation ...........: Name="None" ID="12"
2022-12-22T05:35:49: === GCTAObservation ===
2022-12-22T05:35:49:  Name ......................: None
2022-12-22T05:35:49:  Identifier ................: 12
2022-12-22T05:35:49:  Instrument ................: CTA
2022-12-22T05:35:49:  Event file ................: 
2022-12-22T05:35:49:  Event type ................: EventList
2022-12-22T05:35:49:  Statistic .................: cstat
2022-12-22T05:35:49:  Ontime ....................: 7200 s
2022-12-22T05:35:49:  Livetime ..................: 7056 s
2022-12-22T05:35:49:  Deadtime correction .......: 0.98
2022-12-22T05:35:49:  User energy range .........: undefined
2022-12-22T05:35:49: === GCTAPointing ===
2022-12-22T05:35:49:  Pointing direction ........: (RA,Dec)=(267.68,-29.61)
2022-12-22T05:35:49: === GCTAResponseIrf ===
2022-12-22T05:35:49:  Caldb mission .............: cta
2022-12-22T05:35:49:  Caldb instrument ..........: mult3_zd20_m2
2022-12-22T05:35:49:  Response name .............: South_50h
2022-12-22T05:35:49:  Energy dispersion .........: Not used
2022-12-22T05:35:49:  Safe energy range .........: undefined
2022-12-22T05:35:49: === GCTAEventList ===
2022-12-22T05:35:49:  Number of events ..........: 0 (disposed without possibility to recover)
2022-12-22T05:35:49:  Time interval .............: 51545.4166666667 - 51545.5 days
2022-12-22T05:35:49:  Energy interval ...........: 0.1 - 10 TeV
2022-12-22T05:35:49:  Region of interest ........: RA=267.68, DEC=-29.61 [0,0] Radius=4 deg
2022-12-22T05:35:49: === GSkyRegions ===
2022-12-22T05:35:49:  Number of regions .........: 0
2022-12-22T05:35:49: 
2022-12-22T05:35:49:  CTA observation ...........: Name="None" ID="13"
2022-12-22T05:35:49: === GCTAObservation ===
2022-12-22T05:35:49:  Name ......................: None
2022-12-22T05:35:49:  Identifier ................: 13
2022-12-22T05:35:49:  Instrument ................: CTA
2022-12-22T05:35:49:  Event file ................: 
2022-12-22T05:35:49:  Event type ................: EventList
2022-12-22T05:35:49:  Statistic .................: cstat
2022-12-22T05:35:49:  Ontime ....................: 7200 s
2022-12-22T05:35:49:  Livetime ..................: 7056 s
2022-12-22T05:35:49:  Deadtime correction .......: 0.98
2022-12-22T05:35:49:  User energy range .........: undefined
2022-12-22T05:35:49: === GCTAPointing ===
2022-12-22T05:35:49:  Pointing direction ........: (RA,Dec)=(267.68,-29.61)
2022-12-22T05:35:49: === GCTAResponseIrf ===
2022-12-22T05:35:49:  Caldb mission .............: cta
2022-12-22T05:35:49:  Caldb instrument ..........: mult3_zd20_m2
2022-12-22T05:35:49:  Response name .............: South_50h
2022-12-22T05:35:49:  Energy dispersion .........: Not used
2022-12-22T05:35:49:  Safe energy range .........: undefined
2022-12-22T05:35:49: === GCTAEventList ===
2022-12-22T05:35:49:  Number of events ..........: 0 (disposed without possibility to recover)
2022-12-22T05:35:49:  Time interval .............: 51545.5 - 51545.5833333333 days
2022-12-22T05:35:49:  Energy interval ...........: 0.1 - 10 TeV
2022-12-22T05:35:49:  Region of interest ........: RA=267.68, DEC=-29.61 [0,0] Radius=4 deg
2022-12-22T05:35:49: === GSkyRegions ===
2022-12-22T05:35:49:  Number of regions .........: 0
2022-12-22T05:35:49: 
2022-12-22T05:35:49:  CTA observation ...........: Name="None" ID="14"
2022-12-22T05:35:49: === GCTAObservation ===
2022-12-22T05:35:49:  Name ......................: None
2022-12-22T05:35:49:  Identifier ................: 14
2022-12-22T05:35:49:  Instrument ................: CTA
2022-12-22T05:35:49:  Event file ................: 
2022-12-22T05:35:49:  Event type ................: EventList
2022-12-22T05:35:49:  Statistic .................: cstat
2022-12-22T05:35:49:  Ontime ....................: 7200 s
2022-12-22T05:35:49:  Livetime ..................: 7056 s
2022-12-22T05:35:49:  Deadtime correction .......: 0.98
2022-12-22T05:35:49:  User energy range .........: undefined
2022-12-22T05:35:49: === GCTAPointing ===
2022-12-22T05:35:49:  Pointing direction ........: (RA,Dec)=(267.68,-29.61)
2022-12-22T05:35:49: === GCTAResponseIrf ===
2022-12-22T05:35:49:  Caldb mission .............: cta
2022-12-22T05:35:49:  Caldb instrument ..........: mult3_zd20_m2
2022-12-22T05:35:49:  Response name .............: South_50h
2022-12-22T05:35:49:  Energy dispersion .........: Not used
2022-12-22T05:35:49:  Safe energy range .........: undefined
2022-12-22T05:35:49: === GCTAEventList ===
2022-12-22T05:35:49:  Number of events ..........: 0 (disposed without possibility to recover)
2022-12-22T05:35:49:  Time interval .............: 51545.5833333333 - 51545.6666666667 days
2022-12-22T05:35:49:  Energy interval ...........: 0.1 - 10 TeV
2022-12-22T05:35:49:  Region of interest ........: RA=267.68, DEC=-29.61 [0,0] Radius=4 deg
2022-12-22T05:35:49: === GSkyRegions ===
2022-12-22T05:35:49:  Number of regions .........: 0
2022-12-22T05:35:49: 
2022-12-22T05:35:49:  CTA observation ...........: Name="None" ID="15"
2022-12-22T05:35:49: === GCTAObservation ===
2022-12-22T05:35:49:  Name ......................: None
2022-12-22T05:35:49:  Identifier ................: 15
2022-12-22T05:35:49:  Instrument ................: CTA
2022-12-22T05:35:49:  Event file ................: 
2022-12-22T05:35:49:  Event type ................: EventList
2022-12-22T05:35:49:  Statistic .................: cstat
2022-12-22T05:35:49:  Ontime ....................: 7200 s
2022-12-22T05:35:49:  Livetime ..................: 7056 s
2022-12-22T05:35:49:  Deadtime correction .......: 0.98
2022-12-22T05:35:49:  User energy range .........: undefined
2022-12-22T05:35:49: === GCTAPointing ===
2022-12-22T05:35:49:  Pointing direction ........: (RA,Dec)=(267.68,-29.61)
2022-12-22T05:35:49: === GCTAResponseIrf ===
2022-12-22T05:35:49:  Caldb mission .............: cta
2022-12-22T05:35:49:  Caldb instrument ..........: mult3_zd20_m2
2022-12-22T05:35:49:  Response name .............: South_50h
2022-12-22T05:35:49:  Energy dispersion .........: Not used
2022-12-22T05:35:49:  Safe energy range .........: undefined
2022-12-22T05:35:49: === GCTAEventList ===
2022-12-22T05:35:49:  Number of events ..........: 0 (disposed without possibility to recover)
2022-12-22T05:35:49:  Time interval .............: 51545.6666666667 - 51545.75 days
2022-12-22T05:35:49:  Energy interval ...........: 0.1 - 10 TeV
2022-12-22T05:35:49:  Region of interest ........: RA=267.68, DEC=-29.61 [0,0] Radius=4 deg
2022-12-22T05:35:49: === GSkyRegions ===
2022-12-22T05:35:49:  Number of regions .........: 0
2022-12-22T05:35:49: 
2022-12-22T05:35:49:  CTA observation ...........: Name="None" ID="16"
2022-12-22T05:35:49: === GCTAObservation ===
2022-12-22T05:35:49:  Name ......................: None
2022-12-22T05:35:49:  Identifier ................: 16
2022-12-22T05:35:49:  Instrument ................: CTA
2022-12-22T05:35:49:  Event file ................: 
2022-12-22T05:35:49:  Event type ................: EventList
2022-12-22T05:35:49:  Statistic .................: cstat
2022-12-22T05:35:49:  Ontime ....................: 7200 s
2022-12-22T05:35:49:  Livetime ..................: 7056 s
2022-12-22T05:35:49:  Deadtime correction .......: 0.98
2022-12-22T05:35:49:  User energy range .........: undefined
2022-12-22T05:35:49: === GCTAPointing ===
2022-12-22T05:35:49:  Pointing direction ........: (RA,Dec)=(267.68,-29.61)
2022-12-22T05:35:49: === GCTAResponseIrf ===
2022-12-22T05:35:49:  Caldb mission .............: cta
2022-12-22T05:35:49:  Caldb instrument ..........: mult3_zd20_m2
2022-12-22T05:35:49:  Response name .............: South_50h
2022-12-22T05:35:49:  Energy dispersion .........: Not used
2022-12-22T05:35:49:  Safe energy range .........: undefined
2022-12-22T05:35:49: === GCTAEventList ===
2022-12-22T05:35:49:  Number of events ..........: 0 (disposed without possibility to recover)
2022-12-22T05:35:49:  Time interval .............: 51545.75 - 51545.8333333333 days
2022-12-22T05:35:49:  Energy interval ...........: 0.1 - 10 TeV
2022-12-22T05:35:49:  Region of interest ........: RA=267.68, DEC=-29.61 [0,0] Radius=4 deg
2022-12-22T05:35:49: === GSkyRegions ===
2022-12-22T05:35:49:  Number of regions .........: 0
2022-12-22T05:35:49: 
2022-12-22T05:35:49:  CTA observation ...........: Name="None" ID="17"
2022-12-22T05:35:49: === GCTAObservation ===
2022-12-22T05:35:49:  Name ......................: None
2022-12-22T05:35:49:  Identifier ................: 17
2022-12-22T05:35:49:  Instrument ................: CTA
2022-12-22T05:35:49:  Event file ................: 
2022-12-22T05:35:49:  Event type ................: EventList
2022-12-22T05:35:49:  Statistic .................: cstat
2022-12-22T05:35:49:  Ontime ....................: 7200 s
2022-12-22T05:35:49:  Livetime ..................: 7056 s
2022-12-22T05:35:49:  Deadtime correction .......: 0.98
2022-12-22T05:35:49:  User energy range .........: undefined
2022-12-22T05:35:49: === GCTAPointing ===
2022-12-22T05:35:49:  Pointing direction ........: (RA,Dec)=(267.68,-29.61)
2022-12-22T05:35:49: === GCTAResponseIrf ===
2022-12-22T05:35:49:  Caldb mission .............: cta
2022-12-22T05:35:49:  Caldb instrument ..........: mult3_zd20_m2
2022-12-22T05:35:49:  Response name .............: South_50h
2022-12-22T05:35:49:  Energy dispersion .........: Not used
2022-12-22T05:35:49:  Safe energy range .........: undefined
2022-12-22T05:35:49: === GCTAEventList ===
2022-12-22T05:35:49:  Number of events ..........: 0 (disposed without possibility to recover)
2022-12-22T05:35:49:  Time interval .............: 51545.8333333333 - 51545.9166666667 days
2022-12-22T05:35:49:  Energy interval ...........: 0.1 - 10 TeV
2022-12-22T05:35:49:  Region of interest ........: RA=267.68, DEC=-29.61 [0,0] Radius=4 deg
2022-12-22T05:35:49: === GSkyRegions ===
2022-12-22T05:35:49:  Number of regions .........: 0
2022-12-22T05:35:49: 
2022-12-22T05:35:49:  CTA observation ...........: Name="None" ID="18"
2022-12-22T05:35:49: === GCTAObservation ===
2022-12-22T05:35:49:  Name ......................: None
2022-12-22T05:35:49:  Identifier ................: 18
2022-12-22T05:35:49:  Instrument ................: CTA
2022-12-22T05:35:49:  Event file ................: 
2022-12-22T05:35:49:  Event type ................: EventList
2022-12-22T05:35:49:  Statistic .................: cstat
2022-12-22T05:35:49:  Ontime ....................: 7200 s
2022-12-22T05:35:49:  Livetime ..................: 7056 s
2022-12-22T05:35:49:  Deadtime correction .......: 0.98
2022-12-22T05:35:49:  User energy range .........: undefined
2022-12-22T05:35:49: === GCTAPointing ===
2022-12-22T05:35:49:  Pointing direction ........: (RA,Dec)=(267.68,-29.61)
2022-12-22T05:35:49: === GCTAResponseIrf ===
2022-12-22T05:35:49:  Caldb mission .............: cta
2022-12-22T05:35:49:  Caldb instrument ..........: mult3_zd20_m2
2022-12-22T05:35:49:  Response name .............: South_50h
2022-12-22T05:35:49:  Energy dispersion .........: Not used
2022-12-22T05:35:49:  Safe energy range .........: undefined
2022-12-22T05:35:49: === GCTAEventList ===
2022-12-22T05:35:49:  Number of events ..........: 0 (disposed without possibility to recover)
2022-12-22T05:35:49:  Time interval .............: 51545.9166666667 - 51546 days
2022-12-22T05:35:49:  Energy interval ...........: 0.1 - 10 TeV
2022-12-22T05:35:49:  Region of interest ........: RA=267.68, DEC=-29.61 [0,0] Radius=4 deg
2022-12-22T05:35:49: === GSkyRegions ===
2022-12-22T05:35:49:  Number of regions .........: 0
2022-12-22T05:35:49: 
2022-12-22T05:35:49:  CTA observation ...........: Name="None" ID="19"
2022-12-22T05:35:49: === GCTAObservation ===
2022-12-22T05:35:49:  Name ......................: None
2022-12-22T05:35:49:  Identifier ................: 19
2022-12-22T05:35:49:  Instrument ................: CTA
2022-12-22T05:35:49:  Event file ................: 
2022-12-22T05:35:49:  Event type ................: EventList
2022-12-22T05:35:49:  Statistic .................: cstat
2022-12-22T05:35:49:  Ontime ....................: 7200 s
2022-12-22T05:35:49:  Livetime ..................: 7056 s
2022-12-22T05:35:49:  Deadtime correction .......: 0.98
2022-12-22T05:35:49:  User energy range .........: undefined
2022-12-22T05:35:49: === GCTAPointing ===
2022-12-22T05:35:49:  Pointing direction ........: (RA,Dec)=(267.68,-29.61)
2022-12-22T05:35:49: === GCTAResponseIrf ===
2022-12-22T05:35:49:  Caldb mission .............: cta
2022-12-22T05:35:49:  Caldb instrument ..........: mult3_zd20_m2
2022-12-22T05:35:49:  Response name .............: South_50h
2022-12-22T05:35:49:  Energy dispersion .........: Not used
2022-12-22T05:35:49:  Safe energy range .........: undefined
2022-12-22T05:35:49: === GCTAEventList ===
2022-12-22T05:35:49:  Number of events ..........: 0 (disposed without possibility to recover)
2022-12-22T05:35:49:  Time interval .............: 51546 - 51546.0833333333 days
2022-12-22T05:35:49:  Energy interval ...........: 0.1 - 10 TeV
2022-12-22T05:35:49:  Region of interest ........: RA=267.68, DEC=-29.61 [0,0] Radius=4 deg
2022-12-22T05:35:49: === GSkyRegions ===
2022-12-22T05:35:49:  Number of regions .........: 0
2022-12-22T05:35:49: 
2022-12-22T05:35:49:  CTA observation ...........: Name="None" ID="20"
2022-12-22T05:35:49: === GCTAObservation ===
2022-12-22T05:35:49:  Name ......................: None
2022-12-22T05:35:49:  Identifier ................: 20
2022-12-22T05:35:49:  Instrument ................: CTA
2022-12-22T05:35:49:  Event file ................: 
2022-12-22T05:35:49:  Event type ................: EventList
2022-12-22T05:35:49:  Statistic .................: cstat
2022-12-22T05:35:49:  Ontime ....................: 7200 s
2022-12-22T05:35:49:  Livetime ..................: 7056 s
2022-12-22T05:35:49:  Deadtime correction .......: 0.98
2022-12-22T05:35:49:  User energy range .........: undefined
2022-12-22T05:35:49: === GCTAPointing ===
2022-12-22T05:35:49:  Pointing direction ........: (RA,Dec)=(266.04,-26.98)
2022-12-22T05:35:49: === GCTAResponseIrf ===
2022-12-22T05:35:49:  Caldb mission .............: cta
2022-12-22T05:35:49:  Caldb instrument ..........: mult3_zd20_m2
2022-12-22T05:35:49:  Response name .............: South_50h
2022-12-22T05:35:49:  Energy dispersion .........: Not used
2022-12-22T05:35:49:  Safe energy range .........: undefined
2022-12-22T05:35:49: === GCTAEventList ===
2022-12-22T05:35:49:  Number of events ..........: 0 (disposed without possibility to recover)
2022-12-22T05:35:49:  Time interval .............: 51546.0833333333 - 51546.1666666667 days
2022-12-22T05:35:49:  Energy interval ...........: 0.1 - 10 TeV
2022-12-22T05:35:49:  Region of interest ........: RA=266.04, DEC=-26.98 [0,0] Radius=4 deg
2022-12-22T05:35:49: === GSkyRegions ===
2022-12-22T05:35:49:  Number of regions .........: 0
2022-12-22T05:35:49: 
2022-12-22T05:35:49:  CTA observation ...........: Name="None" ID="21"
2022-12-22T05:35:49: === GCTAObservation ===
2022-12-22T05:35:49:  Name ......................: None
2022-12-22T05:35:49:  Identifier ................: 21
2022-12-22T05:35:49:  Instrument ................: CTA
2022-12-22T05:35:49:  Event file ................: 
2022-12-22T05:35:49:  Event type ................: EventList
2022-12-22T05:35:49:  Statistic .................: cstat
2022-12-22T05:35:49:  Ontime ....................: 7200 s
2022-12-22T05:35:49:  Livetime ..................: 7056 s
2022-12-22T05:35:49:  Deadtime correction .......: 0.98
2022-12-22T05:35:49:  User energy range .........: undefined
2022-12-22T05:35:49: === GCTAPointing ===
2022-12-22T05:35:49:  Pointing direction ........: (RA,Dec)=(266.04,-26.98)
2022-12-22T05:35:49: === GCTAResponseIrf ===
2022-12-22T05:35:49:  Caldb mission .............: cta
2022-12-22T05:35:49:  Caldb instrument ..........: mult3_zd20_m2
2022-12-22T05:35:49:  Response name .............: South_50h
2022-12-22T05:35:49:  Energy dispersion .........: Not used
2022-12-22T05:35:49:  Safe energy range .........: undefined
2022-12-22T05:35:49: === GCTAEventList ===
2022-12-22T05:35:49:  Number of events ..........: 0 (disposed without possibility to recover)
2022-12-22T05:35:49:  Time interval .............: 51546.1666666667 - 51546.25 days
2022-12-22T05:35:49:  Energy interval ...........: 0.1 - 10 TeV
2022-12-22T05:35:49:  Region of interest ........: RA=266.04, DEC=-26.98 [0,0] Radius=4 deg
2022-12-22T05:35:49: === GSkyRegions ===
2022-12-22T05:35:49:  Number of regions .........: 0
2022-12-22T05:35:49: 
2022-12-22T05:35:49:  CTA observation ...........: Name="None" ID="22"
2022-12-22T05:35:49: === GCTAObservation ===
2022-12-22T05:35:49:  Name ......................: None
2022-12-22T05:35:49:  Identifier ................: 22
2022-12-22T05:35:49:  Instrument ................: CTA
2022-12-22T05:35:49:  Event file ................: 
2022-12-22T05:35:49:  Event type ................: EventList
2022-12-22T05:35:49:  Statistic .................: cstat
2022-12-22T05:35:49:  Ontime ....................: 7200 s
2022-12-22T05:35:49:  Livetime ..................: 7056 s
2022-12-22T05:35:49:  Deadtime correction .......: 0.98
2022-12-22T05:35:49:  User energy range .........: undefined
2022-12-22T05:35:49: === GCTAPointing ===
2022-12-22T05:35:49:  Pointing direction ........: (RA,Dec)=(266.04,-26.98)
2022-12-22T05:35:49: === GCTAResponseIrf ===
2022-12-22T05:35:49:  Caldb mission .............: cta
2022-12-22T05:35:49:  Caldb instrument ..........: mult3_zd20_m2
2022-12-22T05:35:49:  Response name .............: South_50h
2022-12-22T05:35:49:  Energy dispersion .........: Not used
2022-12-22T05:35:49:  Safe energy range .........: undefined
2022-12-22T05:35:49: === GCTAEventList ===
2022-12-22T05:35:49:  Number of events ..........: 0 (disposed without possibility to recover)
2022-12-22T05:35:49:  Time interval .............: 51546.25 - 51546.3333333333 days
2022-12-22T05:35:49:  Energy interval ...........: 0.1 - 10 TeV
2022-12-22T05:35:49:  Region of interest ........: RA=266.04, DEC=-26.98 [0,0] Radius=4 deg
2022-12-22T05:35:49: === GSkyRegions ===
2022-12-22T05:35:49:  Number of regions .........: 0
2022-12-22T05:35:49: 
2022-12-22T05:35:49:  CTA observation ...........: Name="None" ID="23"
2022-12-22T05:35:49: === GCTAObservation ===
2022-12-22T05:35:49:  Name ......................: None
2022-12-22T05:35:49:  Identifier ................: 23
2022-12-22T05:35:49:  Instrument ................: CTA
2022-12-22T05:35:49:  Event file ................: 
2022-12-22T05:35:49:  Event type ................: EventList
2022-12-22T05:35:49:  Statistic .................: cstat
2022-12-22T05:35:49:  Ontime ....................: 7200 s
2022-12-22T05:35:49:  Livetime ..................: 7056 s
2022-12-22T05:35:49:  Deadtime correction .......: 0.98
2022-12-22T05:35:49:  User energy range .........: undefined
2022-12-22T05:35:49: === GCTAPointing ===
2022-12-22T05:35:49:  Pointing direction ........: (RA,Dec)=(266.04,-26.98)
2022-12-22T05:35:49: === GCTAResponseIrf ===
2022-12-22T05:35:49:  Caldb mission .............: cta
2022-12-22T05:35:49:  Caldb instrument ..........: mult3_zd20_m2
2022-12-22T05:35:49:  Response name .............: South_50h
2022-12-22T05:35:49:  Energy dispersion .........: Not used
2022-12-22T05:35:49:  Safe energy range .........: undefined
2022-12-22T05:35:49: === GCTAEventList ===
2022-12-22T05:35:49:  Number of events ..........: 0 (disposed without possibility to recover)
2022-12-22T05:35:49:  Time interval .............: 51546.3333333333 - 51546.4166666667 days
2022-12-22T05:35:49:  Energy interval ...........: 0.1 - 10 TeV
2022-12-22T05:35:49:  Region of interest ........: RA=266.04, DEC=-26.98 [0,0] Radius=4 deg
2022-12-22T05:35:49: === GSkyRegions ===
2022-12-22T05:35:49:  Number of regions .........: 0
2022-12-22T05:35:49: 
2022-12-22T05:35:49:  CTA observation ...........: Name="None" ID="24"
2022-12-22T05:35:49: === GCTAObservation ===
2022-12-22T05:35:49:  Name ......................: None
2022-12-22T05:35:49:  Identifier ................: 24
2022-12-22T05:35:49:  Instrument ................: CTA
2022-12-22T05:35:49:  Event file ................: 
2022-12-22T05:35:49:  Event type ................: EventList
2022-12-22T05:35:49:  Statistic .................: cstat
2022-12-22T05:35:49:  Ontime ....................: 7200 s
2022-12-22T05:35:49:  Livetime ..................: 7056 s
2022-12-22T05:35:49:  Deadtime correction .......: 0.98
2022-12-22T05:35:49:  User energy range .........: undefined
2022-12-22T05:35:49: === GCTAPointing ===
2022-12-22T05:35:49:  Pointing direction ........: (RA,Dec)=(266.04,-26.98)
2022-12-22T05:35:49: === GCTAResponseIrf ===
2022-12-22T05:35:49:  Caldb mission .............: cta
2022-12-22T05:35:49:  Caldb instrument ..........: mult3_zd20_m2
2022-12-22T05:35:49:  Response name .............: South_50h
2022-12-22T05:35:49:  Energy dispersion .........: Not used
2022-12-22T05:35:49:  Safe energy range .........: undefined
2022-12-22T05:35:49: === GCTAEventList ===
2022-12-22T05:35:49:  Number of events ..........: 0 (disposed without possibility to recover)
2022-12-22T05:35:49:  Time interval .............: 51546.4166666667 - 51546.5 days
2022-12-22T05:35:49:  Energy interval ...........: 0.1 - 10 TeV
2022-12-22T05:35:49:  Region of interest ........: RA=266.04, DEC=-26.98 [0,0] Radius=4 deg
2022-12-22T05:35:49: === GSkyRegions ===
2022-12-22T05:35:49:  Number of regions .........: 0
2022-12-22T05:35:49: 
2022-12-22T05:35:49:  CTA observation ...........: Name="None" ID="25"
2022-12-22T05:35:49: === GCTAObservation ===
2022-12-22T05:35:49:  Name ......................: None
2022-12-22T05:35:49:  Identifier ................: 25
2022-12-22T05:35:49:  Instrument ................: CTA
2022-12-22T05:35:49:  Event file ................: 
2022-12-22T05:35:49:  Event type ................: EventList
2022-12-22T05:35:49:  Statistic .................: cstat
2022-12-22T05:35:49:  Ontime ....................: 7200 s
2022-12-22T05:35:49:  Livetime ..................: 7056 s
2022-12-22T05:35:49:  Deadtime correction .......: 0.98
2022-12-22T05:35:49:  User energy range .........: undefined
2022-12-22T05:35:49: === GCTAPointing ===
2022-12-22T05:35:49:  Pointing direction ........: (RA,Dec)=(266.04,-26.98)
2022-12-22T05:35:49: === GCTAResponseIrf ===
2022-12-22T05:35:49:  Caldb mission .............: cta
2022-12-22T05:35:49:  Caldb instrument ..........: mult3_zd20_m2
2022-12-22T05:35:49:  Response name .............: South_50h
2022-12-22T05:35:49:  Energy dispersion .........: Not used
2022-12-22T05:35:49:  Safe energy range .........: undefined
2022-12-22T05:35:49: === GCTAEventList ===
2022-12-22T05:35:49:  Number of events ..........: 0 (disposed without possibility to recover)
2022-12-22T05:35:49:  Time interval .............: 51546.5 - 51546.5833333333 days
2022-12-22T05:35:49:  Energy interval ...........: 0.1 - 10 TeV
2022-12-22T05:35:49:  Region of interest ........: RA=266.04, DEC=-26.98 [0,0] Radius=4 deg
2022-12-22T05:35:49: === GSkyRegions ===
2022-12-22T05:35:49:  Number of regions .........: 0
2022-12-22T05:35:49: 
2022-12-22T05:35:49:  CTA observation ...........: Name="None" ID="26"
2022-12-22T05:35:49: === GCTAObservation ===
2022-12-22T05:35:49:  Name ......................: None
2022-12-22T05:35:49:  Identifier ................: 26
2022-12-22T05:35:49:  Instrument ................: CTA
2022-12-22T05:35:49:  Event file ................: 
2022-12-22T05:35:49:  Event type ................: EventList
2022-12-22T05:35:49:  Statistic .................: cstat
2022-12-22T05:35:49:  Ontime ....................: 7200 s
2022-12-22T05:35:49:  Livetime ..................: 7056 s
2022-12-22T05:35:49:  Deadtime correction .......: 0.98
2022-12-22T05:35:49:  User energy range .........: undefined
2022-12-22T05:35:49: === GCTAPointing ===
2022-12-22T05:35:49:  Pointing direction ........: (RA,Dec)=(266.04,-26.98)
2022-12-22T05:35:49: === GCTAResponseIrf ===
2022-12-22T05:35:49:  Caldb mission .............: cta
2022-12-22T05:35:49:  Caldb instrument ..........: mult3_zd20_m2
2022-12-22T05:35:49:  Response name .............: South_50h
2022-12-22T05:35:49:  Energy dispersion .........: Not used
2022-12-22T05:35:49:  Safe energy range .........: undefined
2022-12-22T05:35:49: === GCTAEventList ===
2022-12-22T05:35:49:  Number of events ..........: 0 (disposed without possibility to recover)
2022-12-22T05:35:49:  Time interval .............: 51546.5833333333 - 51546.6666666667 days
2022-12-22T05:35:49:  Energy interval ...........: 0.1 - 10 TeV
2022-12-22T05:35:49:  Region of interest ........: RA=266.04, DEC=-26.98 [0,0] Radius=4 deg
2022-12-22T05:35:49: === GSkyRegions ===
2022-12-22T05:35:49:  Number of regions .........: 0
2022-12-22T05:35:49: 
2022-12-22T05:35:50:  CTA observation ...........: Name="None" ID="27"
2022-12-22T05:35:50: === GCTAObservation ===
2022-12-22T05:35:50:  Name ......................: None
2022-12-22T05:35:50:  Identifier ................: 27
2022-12-22T05:35:50:  Instrument ................: CTA
2022-12-22T05:35:50:  Event file ................: 
2022-12-22T05:35:50:  Event type ................: EventList
2022-12-22T05:35:50:  Statistic .................: cstat
2022-12-22T05:35:50:  Ontime ....................: 7200 s
2022-12-22T05:35:50:  Livetime ..................: 7056 s
2022-12-22T05:35:50:  Deadtime correction .......: 0.98
2022-12-22T05:35:50:  User energy range .........: undefined
2022-12-22T05:35:50: === GCTAPointing ===
2022-12-22T05:35:50:  Pointing direction ........: (RA,Dec)=(266.04,-26.98)
2022-12-22T05:35:50: === GCTAResponseIrf ===
2022-12-22T05:35:50:  Caldb mission .............: cta
2022-12-22T05:35:50:  Caldb instrument ..........: mult3_zd20_m2
2022-12-22T05:35:50:  Response name .............: South_50h
2022-12-22T05:35:50:  Energy dispersion .........: Not used
2022-12-22T05:35:50:  Safe energy range .........: undefined
2022-12-22T05:35:50: === GCTAEventList ===
2022-12-22T05:35:50:  Number of events ..........: 0 (disposed without possibility to recover)
2022-12-22T05:35:50:  Time interval .............: 51546.6666666667 - 51546.75 days
2022-12-22T05:35:50:  Energy interval ...........: 0.1 - 10 TeV
2022-12-22T05:35:50:  Region of interest ........: RA=266.04, DEC=-26.98 [0,0] Radius=4 deg
2022-12-22T05:35:50: === GSkyRegions ===
2022-12-22T05:35:50:  Number of regions .........: 0
2022-12-22T05:35:50: 
2022-12-22T05:35:50:  CTA observation ...........: Name="None" ID="28"
2022-12-22T05:35:50: === GCTAObservation ===
2022-12-22T05:35:50:  Name ......................: None
2022-12-22T05:35:50:  Identifier ................: 28
2022-12-22T05:35:50:  Instrument ................: CTA
2022-12-22T05:35:50:  Event file ................: 
2022-12-22T05:35:50:  Event type ................: EventList
2022-12-22T05:35:50:  Statistic .................: cstat
2022-12-22T05:35:50:  Ontime ....................: 7200 s
2022-12-22T05:35:50:  Livetime ..................: 7056 s
2022-12-22T05:35:50:  Deadtime correction .......: 0.98
2022-12-22T05:35:50:  User energy range .........: undefined
2022-12-22T05:35:50: === GCTAPointing ===
2022-12-22T05:35:50:  Pointing direction ........: (RA,Dec)=(266.04,-26.98)
2022-12-22T05:35:50: === GCTAResponseIrf ===
2022-12-22T05:35:50:  Caldb mission .............: cta
2022-12-22T05:35:50:  Caldb instrument ..........: mult3_zd20_m2
2022-12-22T05:35:50:  Response name .............: South_50h
2022-12-22T05:35:50:  Energy dispersion .........: Not used
2022-12-22T05:35:50:  Safe energy range .........: undefined
2022-12-22T05:35:50: === GCTAEventList ===
2022-12-22T05:35:50:  Number of events ..........: 0 (disposed without possibility to recover)
2022-12-22T05:35:50:  Time interval .............: 51546.75 - 51546.8333333333 days
2022-12-22T05:35:50:  Energy interval ...........: 0.1 - 10 TeV
2022-12-22T05:35:50:  Region of interest ........: RA=266.04, DEC=-26.98 [0,0] Radius=4 deg
2022-12-22T05:35:50: === GSkyRegions ===
2022-12-22T05:35:50:  Number of regions .........: 0
2022-12-22T05:35:50: 
2022-12-22T05:35:50:  CTA observation ...........: Name="None" ID="29"
2022-12-22T05:35:50: === GCTAObservation ===
2022-12-22T05:35:50:  Name ......................: None
2022-12-22T05:35:50:  Identifier ................: 29
2022-12-22T05:35:50:  Instrument ................: CTA
2022-12-22T05:35:50:  Event file ................: 
2022-12-22T05:35:50:  Event type ................: EventList
2022-12-22T05:35:50:  Statistic .................: cstat
2022-12-22T05:35:50:  Ontime ....................: 7200 s
2022-12-22T05:35:50:  Livetime ..................: 7056 s
2022-12-22T05:35:50:  Deadtime correction .......: 0.98
2022-12-22T05:35:50:  User energy range .........: undefined
2022-12-22T05:35:50: === GCTAPointing ===
2022-12-22T05:35:50:  Pointing direction ........: (RA,Dec)=(266.04,-26.98)
2022-12-22T05:35:50: === GCTAResponseIrf ===
2022-12-22T05:35:50:  Caldb mission .............: cta
2022-12-22T05:35:50:  Caldb instrument ..........: mult3_zd20_m2
2022-12-22T05:35:50:  Response name .............: South_50h
2022-12-22T05:35:50:  Energy dispersion .........: Not used
2022-12-22T05:35:50:  Safe energy range .........: undefined
2022-12-22T05:35:50: === GCTAEventList ===
2022-12-22T05:35:50:  Number of events ..........: 0 (disposed without possibility to recover)
2022-12-22T05:35:50:  Time interval .............: 51546.8333333333 - 51546.9166666667 days
2022-12-22T05:35:50:  Energy interval ...........: 0.1 - 10 TeV
2022-12-22T05:35:50:  Region of interest ........: RA=266.04, DEC=-26.98 [0,0] Radius=4 deg
2022-12-22T05:35:50: === GSkyRegions ===
2022-12-22T05:35:50:  Number of regions .........: 0
2022-12-22T05:35:50: 
2022-12-22T05:35:50:  CTA observation ...........: Name="None" ID="30"
2022-12-22T05:35:50: === GCTAObservation ===
2022-12-22T05:35:50:  Name ......................: None
2022-12-22T05:35:50:  Identifier ................: 30
2022-12-22T05:35:50:  Instrument ................: CTA
2022-12-22T05:35:50:  Event file ................: 
2022-12-22T05:35:50:  Event type ................: EventList
2022-12-22T05:35:50:  Statistic .................: cstat
2022-12-22T05:35:50:  Ontime ....................: 7200 s
2022-12-22T05:35:50:  Livetime ..................: 7056 s
2022-12-22T05:35:50:  Deadtime correction .......: 0.98
2022-12-22T05:35:50:  User energy range .........: undefined
2022-12-22T05:35:50: === GCTAPointing ===
2022-12-22T05:35:50:  Pointing direction ........: (RA,Dec)=(266.04,-26.98)
2022-12-22T05:35:50: === GCTAResponseIrf ===
2022-12-22T05:35:50:  Caldb mission .............: cta
2022-12-22T05:35:50:  Caldb instrument ..........: mult3_zd20_m2
2022-12-22T05:35:50:  Response name .............: South_50h
2022-12-22T05:35:50:  Energy dispersion .........: Not used
2022-12-22T05:35:50:  Safe energy range .........: undefined
2022-12-22T05:35:50: === GCTAEventList ===
2022-12-22T05:35:50:  Number of events ..........: 0 (disposed without possibility to recover)
2022-12-22T05:35:50:  Time interval .............: 51546.9166666667 - 51547 days
2022-12-22T05:35:50:  Energy interval ...........: 0.1 - 10 TeV
2022-12-22T05:35:50:  Region of interest ........: RA=266.04, DEC=-26.98 [0,0] Radius=4 deg
2022-12-22T05:35:50: === GSkyRegions ===
2022-12-22T05:35:50:  Number of regions .........: 0
2022-12-22T05:35:50: 
2022-12-22T05:35:50:  CTA observation ...........: Name="None" ID="31"
2022-12-22T05:35:50: === GCTAObservation ===
2022-12-22T05:35:50:  Name ......................: None
2022-12-22T05:35:50:  Identifier ................: 31
2022-12-22T05:35:50:  Instrument ................: CTA
2022-12-22T05:35:50:  Event file ................: 
2022-12-22T05:35:50:  Event type ................: EventList
2022-12-22T05:35:50:  Statistic .................: cstat
2022-12-22T05:35:50:  Ontime ....................: 7200 s
2022-12-22T05:35:50:  Livetime ..................: 7056 s
2022-12-22T05:35:50:  Deadtime correction .......: 0.98
2022-12-22T05:35:50:  User energy range .........: undefined
2022-12-22T05:35:50: === GCTAPointing ===
2022-12-22T05:35:50:  Pointing direction ........: (RA,Dec)=(266.04,-26.98)
2022-12-22T05:35:50: === GCTAResponseIrf ===
2022-12-22T05:35:50:  Caldb mission .............: cta
2022-12-22T05:35:50:  Caldb instrument ..........: mult3_zd20_m2
2022-12-22T05:35:50:  Response name .............: South_50h
2022-12-22T05:35:50:  Energy dispersion .........: Not used
2022-12-22T05:35:50:  Safe energy range .........: undefined
2022-12-22T05:35:50: === GCTAEventList ===
2022-12-22T05:35:50:  Number of events ..........: 0 (disposed without possibility to recover)
2022-12-22T05:35:50:  Time interval .............: 51547 - 51547.0833333333 days
2022-12-22T05:35:50:  Energy interval ...........: 0.1 - 10 TeV
2022-12-22T05:35:50:  Region of interest ........: RA=266.04, DEC=-26.98 [0,0] Radius=4 deg
2022-12-22T05:35:50: === GSkyRegions ===
2022-12-22T05:35:50:  Number of regions .........: 0
2022-12-22T05:35:50: 
2022-12-22T05:35:50:  CTA observation ...........: Name="None" ID="32"
2022-12-22T05:35:50: === GCTAObservation ===
2022-12-22T05:35:50:  Name ......................: None
2022-12-22T05:35:50:  Identifier ................: 32
2022-12-22T05:35:50:  Instrument ................: CTA
2022-12-22T05:35:50:  Event file ................: 
2022-12-22T05:35:50:  Event type ................: EventList
2022-12-22T05:35:50:  Statistic .................: cstat
2022-12-22T05:35:50:  Ontime ....................: 7200 s
2022-12-22T05:35:50:  Livetime ..................: 7056 s
2022-12-22T05:35:50:  Deadtime correction .......: 0.98
2022-12-22T05:35:50:  User energy range .........: undefined
2022-12-22T05:35:50: === GCTAPointing ===
2022-12-22T05:35:50:  Pointing direction ........: (RA,Dec)=(266.04,-26.98)
2022-12-22T05:35:50: === GCTAResponseIrf ===
2022-12-22T05:35:50:  Caldb mission .............: cta
2022-12-22T05:35:50:  Caldb instrument ..........: mult3_zd20_m2
2022-12-22T05:35:50:  Response name .............: South_50h
2022-12-22T05:35:50:  Energy dispersion .........: Not used
2022-12-22T05:35:50:  Safe energy range .........: undefined
2022-12-22T05:35:50: === GCTAEventList ===
2022-12-22T05:35:50:  Number of events ..........: 0 (disposed without possibility to recover)
2022-12-22T05:35:50:  Time interval .............: 51547.0833333333 - 51547.1666666667 days
2022-12-22T05:35:50:  Energy interval ...........: 0.1 - 10 TeV
2022-12-22T05:35:50:  Region of interest ........: RA=266.04, DEC=-26.98 [0,0] Radius=4 deg
2022-12-22T05:35:50: === GSkyRegions ===
2022-12-22T05:35:50:  Number of regions .........: 0
2022-12-22T05:35:50: 
2022-12-22T05:35:50:  CTA observation ...........: Name="None" ID="33"
2022-12-22T05:35:50: === GCTAObservation ===
2022-12-22T05:35:50:  Name ......................: None
2022-12-22T05:35:50:  Identifier ................: 33
2022-12-22T05:35:50:  Instrument ................: CTA
2022-12-22T05:35:50:  Event file ................: 
2022-12-22T05:35:50:  Event type ................: EventList
2022-12-22T05:35:50:  Statistic .................: cstat
2022-12-22T05:35:50:  Ontime ....................: 7200 s
2022-12-22T05:35:50:  Livetime ..................: 7056 s
2022-12-22T05:35:50:  Deadtime correction .......: 0.98
2022-12-22T05:35:50:  User energy range .........: undefined
2022-12-22T05:35:50: === GCTAPointing ===
2022-12-22T05:35:50:  Pointing direction ........: (RA,Dec)=(266.04,-26.98)
2022-12-22T05:35:50: === GCTAResponseIrf ===
2022-12-22T05:35:50:  Caldb mission .............: cta
2022-12-22T05:35:50:  Caldb instrument ..........: mult3_zd20_m2
2022-12-22T05:35:50:  Response name .............: South_50h
2022-12-22T05:35:50:  Energy dispersion .........: Not used
2022-12-22T05:35:50:  Safe energy range .........: undefined
2022-12-22T05:35:50: === GCTAEventList ===
2022-12-22T05:35:50:  Number of events ..........: 0 (disposed without possibility to recover)
2022-12-22T05:35:50:  Time interval .............: 51547.1666666667 - 51547.25 days
2022-12-22T05:35:50:  Energy interval ...........: 0.1 - 10 TeV
2022-12-22T05:35:50:  Region of interest ........: RA=266.04, DEC=-26.98 [0,0] Radius=4 deg
2022-12-22T05:35:50: === GSkyRegions ===
2022-12-22T05:35:50:  Number of regions .........: 0
2022-12-22T05:35:50: 
2022-12-22T05:35:50:  CTA observation ...........: Name="None" ID="34"
2022-12-22T05:35:50: === GCTAObservation ===
2022-12-22T05:35:50:  Name ......................: None
2022-12-22T05:35:50:  Identifier ................: 34
2022-12-22T05:35:50:  Instrument ................: CTA
2022-12-22T05:35:50:  Event file ................: 
2022-12-22T05:35:50:  Event type ................: EventList
2022-12-22T05:35:50:  Statistic .................: cstat
2022-12-22T05:35:50:  Ontime ....................: 7200 s
2022-12-22T05:35:50:  Livetime ..................: 7056 s
2022-12-22T05:35:50:  Deadtime correction .......: 0.98
2022-12-22T05:35:50:  User energy range .........: undefined
2022-12-22T05:35:50: === GCTAPointing ===
2022-12-22T05:35:50:  Pointing direction ........: (RA,Dec)=(266.04,-26.98)
2022-12-22T05:35:50: === GCTAResponseIrf ===
2022-12-22T05:35:50:  Caldb mission .............: cta
2022-12-22T05:35:50:  Caldb instrument ..........: mult3_zd20_m2
2022-12-22T05:35:50:  Response name .............: South_50h
2022-12-22T05:35:50:  Energy dispersion .........: Not used
2022-12-22T05:35:50:  Safe energy range .........: undefined
2022-12-22T05:35:50: === GCTAEventList ===
2022-12-22T05:35:50:  Number of events ..........: 0 (disposed without possibility to recover)
2022-12-22T05:35:50:  Time interval .............: 51547.25 - 51547.3333333333 days
2022-12-22T05:35:50:  Energy interval ...........: 0.1 - 10 TeV
2022-12-22T05:35:50:  Region of interest ........: RA=266.04, DEC=-26.98 [0,0] Radius=4 deg
2022-12-22T05:35:50: === GSkyRegions ===
2022-12-22T05:35:50:  Number of regions .........: 0
2022-12-22T05:35:50: 
2022-12-22T05:35:50:  CTA observation ...........: Name="None" ID="35"
2022-12-22T05:35:50: === GCTAObservation ===
2022-12-22T05:35:50:  Name ......................: None
2022-12-22T05:35:50:  Identifier ................: 35
2022-12-22T05:35:50:  Instrument ................: CTA
2022-12-22T05:35:50:  Event file ................: 
2022-12-22T05:35:50:  Event type ................: EventList
2022-12-22T05:35:50:  Statistic .................: cstat
2022-12-22T05:35:50:  Ontime ....................: 7200 s
2022-12-22T05:35:50:  Livetime ..................: 7056 s
2022-12-22T05:35:50:  Deadtime correction .......: 0.98
2022-12-22T05:35:50:  User energy range .........: undefined
2022-12-22T05:35:50: === GCTAPointing ===
2022-12-22T05:35:50:  Pointing direction ........: (RA,Dec)=(266.04,-26.98)
2022-12-22T05:35:50: === GCTAResponseIrf ===
2022-12-22T05:35:50:  Caldb mission .............: cta
2022-12-22T05:35:50:  Caldb instrument ..........: mult3_zd20_m2
2022-12-22T05:35:50:  Response name .............: South_50h
2022-12-22T05:35:50:  Energy dispersion .........: Not used
2022-12-22T05:35:50:  Safe energy range .........: undefined
2022-12-22T05:35:50: === GCTAEventList ===
2022-12-22T05:35:50:  Number of events ..........: 0 (disposed without possibility to recover)
2022-12-22T05:35:50:  Time interval .............: 51547.3333333333 - 51547.4166666667 days
2022-12-22T05:35:50:  Energy interval ...........: 0.1 - 10 TeV
2022-12-22T05:35:50:  Region of interest ........: RA=266.04, DEC=-26.98 [0,0] Radius=4 deg
2022-12-22T05:35:50: === GSkyRegions ===
2022-12-22T05:35:50:  Number of regions .........: 0
2022-12-22T05:35:50: 
2022-12-22T05:35:50:  CTA observation ...........: Name="None" ID="36"
2022-12-22T05:35:50: === GCTAObservation ===
2022-12-22T05:35:50:  Name ......................: None
2022-12-22T05:35:50:  Identifier ................: 36
2022-12-22T05:35:50:  Instrument ................: CTA
2022-12-22T05:35:50:  Event file ................: 
2022-12-22T05:35:50:  Event type ................: EventList
2022-12-22T05:35:50:  Statistic .................: cstat
2022-12-22T05:35:50:  Ontime ....................: 7200 s
2022-12-22T05:35:50:  Livetime ..................: 7056 s
2022-12-22T05:35:50:  Deadtime correction .......: 0.98
2022-12-22T05:35:50:  User energy range .........: undefined
2022-12-22T05:35:50: === GCTAPointing ===
2022-12-22T05:35:50:  Pointing direction ........: (RA,Dec)=(266.04,-26.98)
2022-12-22T05:35:50: === GCTAResponseIrf ===
2022-12-22T05:35:50:  Caldb mission .............: cta
2022-12-22T05:35:50:  Caldb instrument ..........: mult3_zd20_m2
2022-12-22T05:35:50:  Response name .............: South_50h
2022-12-22T05:35:50:  Energy dispersion .........: Not used
2022-12-22T05:35:50:  Safe energy range .........: undefined
2022-12-22T05:35:50: === GCTAEventList ===
2022-12-22T05:35:50:  Number of events ..........: 0 (disposed without possibility to recover)
2022-12-22T05:35:50:  Time interval .............: 51547.4166666667 - 51547.5 days
2022-12-22T05:35:50:  Energy interval ...........: 0.1 - 10 TeV
2022-12-22T05:35:50:  Region of interest ........: RA=266.04, DEC=-26.98 [0,0] Radius=4 deg
2022-12-22T05:35:50: === GSkyRegions ===
2022-12-22T05:35:50:  Number of regions .........: 0
2022-12-22T05:35:50: 
2022-12-22T05:35:50:  CTA observation ...........: Name="None" ID="37"
2022-12-22T05:35:50: === GCTAObservation ===
2022-12-22T05:35:50:  Name ......................: None
2022-12-22T05:35:50:  Identifier ................: 37
2022-12-22T05:35:50:  Instrument ................: CTA
2022-12-22T05:35:50:  Event file ................: 
2022-12-22T05:35:50:  Event type ................: EventList
2022-12-22T05:35:50:  Statistic .................: cstat
2022-12-22T05:35:50:  Ontime ....................: 7200 s
2022-12-22T05:35:50:  Livetime ..................: 7056 s
2022-12-22T05:35:50:  Deadtime correction .......: 0.98
2022-12-22T05:35:50:  User energy range .........: undefined
2022-12-22T05:35:50: === GCTAPointing ===
2022-12-22T05:35:50:  Pointing direction ........: (RA,Dec)=(266.04,-26.98)
2022-12-22T05:35:50: === GCTAResponseIrf ===
2022-12-22T05:35:50:  Caldb mission .............: cta
2022-12-22T05:35:50:  Caldb instrument ..........: mult3_zd20_m2
2022-12-22T05:35:50:  Response name .............: South_50h
2022-12-22T05:35:50:  Energy dispersion .........: Not used
2022-12-22T05:35:50:  Safe energy range .........: undefined
2022-12-22T05:35:50: === GCTAEventList ===
2022-12-22T05:35:50:  Number of events ..........: 0 (disposed without possibility to recover)
2022-12-22T05:35:50:  Time interval .............: 51547.5 - 51547.5833333333 days
2022-12-22T05:35:50:  Energy interval ...........: 0.1 - 10 TeV
2022-12-22T05:35:50:  Region of interest ........: RA=266.04, DEC=-26.98 [0,0] Radius=4 deg
2022-12-22T05:35:50: === GSkyRegions ===
2022-12-22T05:35:50:  Number of regions .........: 0
2022-12-22T05:35:50: 
2022-12-22T05:35:50:  CTA observation ...........: Name="None" ID="38"
2022-12-22T05:35:50: === GCTAObservation ===
2022-12-22T05:35:50:  Name ......................: None
2022-12-22T05:35:50:  Identifier ................: 38
2022-12-22T05:35:50:  Instrument ................: CTA
2022-12-22T05:35:50:  Event file ................: 
2022-12-22T05:35:50:  Event type ................: EventList
2022-12-22T05:35:50:  Statistic .................: cstat
2022-12-22T05:35:50:  Ontime ....................: 7200 s
2022-12-22T05:35:50:  Livetime ..................: 7056 s
2022-12-22T05:35:50:  Deadtime correction .......: 0.98
2022-12-22T05:35:50:  User energy range .........: undefined
2022-12-22T05:35:50: === GCTAPointing ===
2022-12-22T05:35:50:  Pointing direction ........: (RA,Dec)=(266.04,-26.98)
2022-12-22T05:35:50: === GCTAResponseIrf ===
2022-12-22T05:35:50:  Caldb mission .............: cta
2022-12-22T05:35:50:  Caldb instrument ..........: mult3_zd20_m2
2022-12-22T05:35:50:  Response name .............: South_50h
2022-12-22T05:35:50:  Energy dispersion .........: Not used
2022-12-22T05:35:50:  Safe energy range .........: undefined
2022-12-22T05:35:50: === GCTAEventList ===
2022-12-22T05:35:50:  Number of events ..........: 0 (disposed without possibility to recover)
2022-12-22T05:35:50:  Time interval .............: 51547.5833333333 - 51547.6666666667 days
2022-12-22T05:35:50:  Energy interval ...........: 0.1 - 10 TeV
2022-12-22T05:35:50:  Region of interest ........: RA=266.04, DEC=-26.98 [0,0] Radius=4 deg
2022-12-22T05:35:50: === GSkyRegions ===
2022-12-22T05:35:50:  Number of regions .........: 0
2022-12-22T05:35:50: 
2022-12-22T05:35:50: 
2022-12-22T05:35:50: +======================================+
2022-12-22T05:35:50: | Save observation definition XML file |
2022-12-22T05:35:50: +======================================+
2022-12-22T05:35:50:  Observation XML file ......: obsdef.xml
2022-12-22T05:35:50: 
2022-12-22T05:35:50: Application "csobsdef" terminated after 1 wall clock seconds, consuming 0.653202 seconds of CPU time and generating a carbon footprint of 0.00264514 g eCO2.
