2022-12-22T05:11:47: ********************************************************************************
2022-12-22T05:11:47: *                                    ctlike                                    *
2022-12-22T05:11:47: * ---------------------------------------------------------------------------- *
2022-12-22T05:11:47: * Version: 2.0.0                                                               *
2022-12-22T05:11:47: ********************************************************************************
2022-12-22T05:11:47: +============+
2022-12-22T05:11:47: | Parameters |
2022-12-22T05:11:47: +============+
2022-12-22T05:11:47:  inobs .....................: cntcube_emin=0.10_emax=10.00_side=3.00.fits
2022-12-22T05:11:47:  inmodel ...................: emin=0.10_emax=10.00_side=3.00_models_point_source_tscalc.xml
2022-12-22T05:11:47:  expcube ...................: expcube_emin=0.10_emax=10.00_side=3.00.fits
2022-12-22T05:11:47:  psfcube ...................: psfcube_emin=0.10_emax=10.00_side=3.00.fits
2022-12-22T05:11:47:  edispcube .................: [not queried]
2022-12-22T05:11:47:  bkgcube ...................: bkgcube_emin=0.10_emax=10.00_side=3.00.fits
2022-12-22T05:11:47:  caldb .....................: [not queried]
2022-12-22T05:11:47:  irf .......................: [not queried]
2022-12-22T05:11:47:  edisp .....................: no
2022-12-22T05:11:47:  outmodel ..................: emin=0.10_emax=10.00_side=3.00_models_point_source_tscalc_results.xml
2022-12-22T05:11:47:  outcovmat .................: NONE
2022-12-22T05:11:47:  statistic .................: DEFAULT
2022-12-22T05:11:47:  refit .....................: no
2022-12-22T05:11:47:  refit_if_failed ...........: yes
2022-12-22T05:11:47:  like_accuracy .............: 0.005
2022-12-22T05:11:47:  accept_dec ................: 0.0
2022-12-22T05:11:47:  max_iter ..................: 50
2022-12-22T05:11:47:  fix_spat_for_ts ...........: no
2022-12-22T05:11:47:  nthreads ..................: 0
2022-12-22T05:11:47:  chatter ...................: 4
2022-12-22T05:11:47:  clobber ...................: yes
2022-12-22T05:11:47:  debug .....................: yes
2022-12-22T05:11:47:  mode ......................: ql
2022-12-22T05:11:47:  logfile ...................: ctlike_emin=0.10_emax=10.00_side=3.00_point_source.log
2022-12-22T05:11:47: 
2022-12-22T05:11:47: WARNING: Energy dispersion will *NOT* be considered for the computation. To consider
2022-12-22T05:11:47:          energy dispersion, please set the "edisp" parameter to "yes". Be aware that
2022-12-22T05:11:47:          using energy dispersion will considerably slow down the computations.
2022-12-22T05:11:47: 
2022-12-22T05:11:47: +===================+
2022-12-22T05:11:47: | Input observation |
2022-12-22T05:11:47: +===================+
2022-12-22T05:11:47: === GObservations ===
2022-12-22T05:11:47:  Number of observations ....: 1
2022-12-22T05:11:47:  Number of models ..........: 2
2022-12-22T05:11:47:  Number of observed events .: 2991667
2022-12-22T05:11:47:  Number of predicted events : 0
2022-12-22T05:11:47: === GCTAObservation ===
2022-12-22T05:11:47:  Name ......................: 
2022-12-22T05:11:47:  Identifier ................: 
2022-12-22T05:11:47:  Instrument ................: CTA
2022-12-22T05:11:47:  Event file ................: cntcube_emin=0.10_emax=10.00_side=3.00.fits
2022-12-22T05:11:47:  Event type ................: CountsCube
2022-12-22T05:11:47:  Statistic .................: cstat
2022-12-22T05:11:47:  Ontime ....................: 273600 s
2022-12-22T05:11:47:  Livetime ..................: 268128 s
2022-12-22T05:11:47:  Deadtime correction .......: 0.98
2022-12-22T05:11:47:  User energy range .........: undefined
2022-12-22T05:11:47: === GCTAPointing ===
2022-12-22T05:11:47:  Pointing direction ........: (RA,Dec)=(266.85998535,-28.295)
2022-12-22T05:11:47: === GCTAResponseCube ===
2022-12-22T05:11:47:  Energy dispersion .........: Not used
2022-12-22T05:11:47: === GCTACubeExposure ===
2022-12-22T05:11:47:  Filename ..................: expcube_emin=0.10_emax=10.00_side=3.00.fits
2022-12-22T05:11:47:  Livetime ..................: 268128 sec
2022-12-22T05:11:47: === GEnergies ===
2022-12-22T05:11:47:  Number of energies ........: 51
2022-12-22T05:11:47: === GGti ===
2022-12-22T05:11:47:  Number of intervals .......: 38
2022-12-22T05:11:47:  Ontime ....................: 273600 sec
2022-12-22T05:11:47:  Elapsed time ..............: 273600 sec
2022-12-22T05:11:47:  MJD range .................: 51544.5 - 51547.6666666667 s (TT)
2022-12-22T05:11:47:  UTC range .................: 2000-01-01T11:58:56 - 2000-01-04T15:58:56 s (TT)
2022-12-22T05:11:47:  Reference MJD .............: 51544.5
2022-12-22T05:11:47: === GSkyMap ===
2022-12-22T05:11:47:  Number of pixels ..........: 22500
2022-12-22T05:11:47:  X axis dimension ..........: 150
2022-12-22T05:11:47:  Y axis dimension ..........: 150
2022-12-22T05:11:47:  Number of maps ............: 51
2022-12-22T05:11:47:  Shape of maps .............: (51)
2022-12-22T05:11:47: === GCTACubePsf ===
2022-12-22T05:11:47:  Filename ..................: psfcube_emin=0.10_emax=10.00_side=3.00.fits
2022-12-22T05:11:47: === GEnergies ===
2022-12-22T05:11:47:  Number of energies ........: 51
2022-12-22T05:11:47:  Number of delta bins ......: 200
2022-12-22T05:11:47:  Delta range ...............: 1.875e-06 - 0.298501875 deg
2022-12-22T05:11:47: === GSkyMap ===
2022-12-22T05:11:47:  Number of pixels ..........: 100
2022-12-22T05:11:47:  X axis dimension ..........: 10
2022-12-22T05:11:47:  Y axis dimension ..........: 10
2022-12-22T05:11:47:  Number of maps ............: 10200
2022-12-22T05:11:47:  Shape of maps .............: (200, 51)
2022-12-22T05:11:47: === GCTACubeBackground ===
2022-12-22T05:11:47:  Filename ..................: bkgcube_emin=0.10_emax=10.00_side=3.00.fits
2022-12-22T05:11:47: === GEbounds ===
2022-12-22T05:11:47:  Number of intervals .......: 50
2022-12-22T05:11:47:  Energy range ..............: 100 GeV - 10 TeV
2022-12-22T05:11:47: === GSkyMap ===
2022-12-22T05:11:47:  Number of pixels ..........: 22500
2022-12-22T05:11:47:  X axis dimension ..........: 150
2022-12-22T05:11:47:  Y axis dimension ..........: 150
2022-12-22T05:11:47:  Number of maps ............: 50
2022-12-22T05:11:47:  Shape of maps .............: (50)
2022-12-22T05:11:47: === GResponseCache ===
2022-12-22T05:11:47:  Number of cached values ...: 0
2022-12-22T05:11:47: === GCTAEventCube ===
2022-12-22T05:11:47:  Number of events ..........: 2991667
2022-12-22T05:11:47:  Number of elements ........: 1125000
2022-12-22T05:11:47:  Number of pixels ..........: 22500
2022-12-22T05:11:47:  Number of energy bins .....: 50
2022-12-22T05:11:47:  Time interval .............: 51544.5 - 51547.6666666667 days
2022-12-22T05:11:47:  Pointing ..................: (RA,Dec)=(266.85998535,-28.295)
2022-12-22T05:11:47: === GEbounds ===
2022-12-22T05:11:47:  Number of intervals .......: 50
2022-12-22T05:11:47:  Energy range ..............: 100 GeV - 10 TeV
2022-12-22T05:11:47: === GSkyMap ===
2022-12-22T05:11:47:  Number of pixels ..........: 22500
2022-12-22T05:11:47:  X axis dimension ..........: 150
2022-12-22T05:11:47:  Y axis dimension ..........: 150
2022-12-22T05:11:47:  Number of maps ............: 50
2022-12-22T05:11:47:  Shape of maps .............: (50)
2022-12-22T05:11:47: === GSkyRegions ===
2022-12-22T05:11:47:  Number of regions .........: 0
2022-12-22T05:11:47: === GModels ===
2022-12-22T05:11:47:  Number of models ..........: 2
2022-12-22T05:11:47:  Number of parameters ......: 11
2022-12-22T05:11:47: === GModelSky ===
2022-12-22T05:11:47:  Name ......................: pwn_0
2022-12-22T05:11:47:  Instruments ...............: all
2022-12-22T05:11:47:  Test Statistic ............: Computation requested
2022-12-22T05:11:47:  Observation identifiers ...: all
2022-12-22T05:11:47:  Model type ................: ExtendedSource
2022-12-22T05:11:47:  Model components ..........: "RadialGaussian" * "PowerLaw" * "Constant"
2022-12-22T05:11:47:  Number of parameters ......: 7
2022-12-22T05:11:47:  Number of spatial par's ...: 3
2022-12-22T05:11:47:   GLON .....................: 0 [-360,360] deg (fixed,scale=1,gradient)
2022-12-22T05:11:47:   GLAT .....................: 0 [-90,90] deg (fixed,scale=1,gradient)
2022-12-22T05:11:47:   Sigma ....................: 0.001 [0.001,10] deg (fixed,scale=1,gradient)
2022-12-22T05:11:47:  Number of spectral par's ..: 3
2022-12-22T05:11:47:   Prefactor ................: 5.7e-18 +/- 0 [1e-23,1e-13] ph/cm2/s/MeV (free,scale=1e-16,gradient)
2022-12-22T05:11:47:   Index ....................: -2.48 [-5,-0]  (fixed,scale=-1,gradient)
2022-12-22T05:11:47:   PivotEnergy ..............: 300000 [10000,1000000000] MeV (fixed,scale=1000000,gradient)
2022-12-22T05:11:47:  Number of temporal par's ..: 1
2022-12-22T05:11:47:   Normalization ............: 1 (relative value) (fixed,scale=1,gradient)
2022-12-22T05:11:47:  Number of scale par's .....: 0
2022-12-22T05:11:47: === GCTAModelCubeBackground ===
2022-12-22T05:11:47:  Name ......................: BackgroundModel
2022-12-22T05:11:47:  Instruments ...............: CTA, HESS, MAGIC, VERITAS, ASTRI
2022-12-22T05:11:47:  Observation identifiers ...: all
2022-12-22T05:11:47:  Model type ................: "PowerLaw" * "Constant"
2022-12-22T05:11:47:  Number of parameters ......: 4
2022-12-22T05:11:47:  Number of spectral par's ..: 3
2022-12-22T05:11:47:   Prefactor ................: 1 [0.01,100] ph/cm2/s/MeV (fixed,scale=1,gradient)
2022-12-22T05:11:47:   Index ....................: 0 [-5,5]  (fixed,scale=1,gradient)
2022-12-22T05:11:47:   PivotEnergy ..............: 1000000 MeV (fixed,scale=1000000,gradient)
2022-12-22T05:11:47:  Number of temporal par's ..: 1
2022-12-22T05:11:47:   Normalization ............: 1 (relative value) (fixed,scale=1,gradient)
2022-12-22T05:11:47: 
2022-12-22T05:11:47: +=================================+
2022-12-22T05:11:47: | Maximum likelihood optimisation |
2022-12-22T05:11:47: +=================================+
2022-12-22T05:11:49:  >Iteration   0: -logL=-3640200.350, Lambda=1.0e-03
2022-12-22T05:11:51:  >Iteration   1: -logL=-3640210.790, Lambda=1.0e-03, delta=10.439, step=1.0e+00, max(|grad|)=-222.354969 [Prefactor:3]
2022-12-22T05:11:52:  >Iteration   2: -logL=-3640210.840, Lambda=1.0e-04, delta=0.051, step=1.0e+00, max(|grad|)=-1.095833 [Prefactor:3]
2022-12-22T05:11:54:  >Iteration   3: -logL=-3640210.840, Lambda=1.0e-05, delta=0.000, step=1.0e+00, max(|grad|)=-0.000037 [Prefactor:3]
2022-12-22T05:11:54:   Refit requested ...........: Difference -663.481 between number of observed events 2991667.000 and predicted events 2992330.481 is larger than +/- 1.0e-5 times the number of observed events (-0.000221776333153401).
2022-12-22T05:11:54: 
2022-12-22T05:11:54: +====================================+
2022-12-22T05:11:54: | Maximum likelihood re-optimisation |
2022-12-22T05:11:54: +====================================+
2022-12-22T05:11:55:  >Iteration   0: -logL=-3640210.840, Lambda=1.0e-03
2022-12-22T05:11:57:  >Iteration   1: -logL=-3640210.840, Lambda=1.0e-03, delta=0.000, step=1.0e+00, max(|grad|)=-0.000000 [Prefactor:3]
2022-12-22T05:11:57:  
2022-12-22T05:11:57:  +==================+
2022-12-22T05:11:57:  | Curvature matrix |
2022-12-22T05:11:57:  +==================+
2022-12-22T05:11:57:  === GMatrixSparse ===
2022-12-22T05:11:57:   Number of rows ............: 11
2022-12-22T05:11:57:   Number of columns .........: 11
2022-12-22T05:11:57:   Number of nonzero elements : 1
2022-12-22T05:11:57:   Number of allocated cells .: 512
2022-12-22T05:11:57:   Memory block size .........: 512
2022-12-22T05:11:57:   Sparse matrix fill ........: 0.00826446280991736
2022-12-22T05:11:57:   Pending element ...........: 0
2022-12-22T05:11:57:   Fill stack size ...........: 0 (none)
2022-12-22T05:11:57:   0, 0, 0, 0, 0, 0, 0, 0, 0, 0, 0
2022-12-22T05:11:57:   0, 0, 0, 0, 0, 0, 0, 0, 0, 0, 0
2022-12-22T05:11:57:   0, 0, 0, 0, 0, 0, 0, 0, 0, 0, 0
2022-12-22T05:11:57:   0, 0, 0, 485001.26146141, 0, 0, 0, 0, 0, 0, 0
2022-12-22T05:11:57:   0, 0, 0, 0, 0, 0, 0, 0, 0, 0, 0
2022-12-22T05:11:57:   0, 0, 0, 0, 0, 0, 0, 0, 0, 0, 0
2022-12-22T05:11:57:   0, 0, 0, 0, 0, 0, 0, 0, 0, 0, 0
2022-12-22T05:11:57:   0, 0, 0, 0, 0, 0, 0, 0, 0, 0, 0
2022-12-22T05:11:57:   0, 0, 0, 0, 0, 0, 0, 0, 0, 0, 0
2022-12-22T05:11:57:   0, 0, 0, 0, 0, 0, 0, 0, 0, 0, 0
2022-12-22T05:11:57:   0, 0, 0, 0, 0, 0, 0, 0, 0, 0, 0
2022-12-22T05:11:58: 
2022-12-22T05:11:58: +=========================================+
2022-12-22T05:11:58: | Maximum likelihood optimisation results |
2022-12-22T05:11:58: +=========================================+
2022-12-22T05:11:58: === GOptimizerLM ===
2022-12-22T05:11:58:  Optimized function value ..: -3640210.840
2022-12-22T05:11:58:  Absolute precision ........: 0.005
2022-12-22T05:11:58:  Acceptable value decrease .: 0
2022-12-22T05:11:58:  Optimization status .......: converged
2022-12-22T05:11:58:  Number of parameters ......: 11
2022-12-22T05:11:58:  Number of free parameters .: 1
2022-12-22T05:11:58:  Number of iterations ......: 1
2022-12-22T05:11:58:  Lambda ....................: 0.0001
2022-12-22T05:11:58:  Maximum log likelihood ....: 3640210.840
2022-12-22T05:11:58:  Observed events  (Nobs) ...: 2991667.000
2022-12-22T05:11:58:  Predicted events (Npred) ..: 2992330.481 (Nobs - Npred = -663.480943832546)
2022-12-22T05:11:58: === GModels ===
2022-12-22T05:11:58:  Number of models ..........: 2
2022-12-22T05:11:58:  Number of parameters ......: 11
2022-12-22T05:11:58: === GModelSky ===
2022-12-22T05:11:58:  Name ......................: pwn_0
2022-12-22T05:11:58:  Instruments ...............: all
2022-12-22T05:11:58:  Test Statistic ............: Computation requested
2022-12-22T05:11:58:  Observation identifiers ...: all
2022-12-22T05:11:58:  Model type ................: ExtendedSource
2022-12-22T05:11:58:  Model components ..........: "RadialGaussian" * "PowerLaw" * "Constant"
2022-12-22T05:11:58:  Number of parameters ......: 7
2022-12-22T05:11:58:  Number of spatial par's ...: 3
2022-12-22T05:11:58:   GLON .....................: 0 [-360,360] deg (fixed,scale=1,gradient)
2022-12-22T05:11:58:   GLAT .....................: 0 [-90,90] deg (fixed,scale=1,gradient)
2022-12-22T05:11:58:   Sigma ....................: 0.001 [0.001,10] deg (fixed,scale=1,gradient)
2022-12-22T05:11:58:  Number of spectral par's ..: 3
2022-12-22T05:11:58:   Prefactor ................: 5.02711203648659e-18 +/- 1.43591444986487e-19 [1e-23,1e-13] ph/cm2/s/MeV (free,scale=1e-16,gradient)
2022-12-22T05:11:58:   Index ....................: -2.48 [-5,-0]  (fixed,scale=-1,gradient)
2022-12-22T05:11:58:   PivotEnergy ..............: 300000 [10000,1000000000] MeV (fixed,scale=1000000,gradient)
2022-12-22T05:11:58:  Number of temporal par's ..: 1
2022-12-22T05:11:58:   Normalization ............: 1 (relative value) (fixed,scale=1,gradient)
2022-12-22T05:11:58:  Number of scale par's .....: 0
2022-12-22T05:11:58: === GCTAModelCubeBackground ===
2022-12-22T05:11:58:  Name ......................: BackgroundModel
2022-12-22T05:11:58:  Instruments ...............: CTA, HESS, MAGIC, VERITAS, ASTRI
2022-12-22T05:11:58:  Observation identifiers ...: all
2022-12-22T05:11:58:  Model type ................: "PowerLaw" * "Constant"
2022-12-22T05:11:58:  Number of parameters ......: 4
2022-12-22T05:11:58:  Number of spectral par's ..: 3
2022-12-22T05:11:58:   Prefactor ................: 1 [0.01,100] ph/cm2/s/MeV (fixed,scale=1,gradient)
2022-12-22T05:11:58:   Index ....................: 0 [-5,5]  (fixed,scale=1,gradient)
2022-12-22T05:11:58:   PivotEnergy ..............: 1000000 MeV (fixed,scale=1000000,gradient)
2022-12-22T05:11:58:  Number of temporal par's ..: 1
2022-12-22T05:11:58:   Normalization ............: 1 (relative value) (fixed,scale=1,gradient)
2022-12-22T05:11:58: 
2022-12-22T05:11:58: +====================================+
2022-12-22T05:11:58: | Maximum likelihood re-optimisation |
2022-12-22T05:11:58: +====================================+
2022-12-22T05:11:59:  >Iteration   0: -logL=-3638999.455, Lambda=1.0e-03 (no free parameters)
2022-12-22T05:11:59:   Refit requested ...........: Difference 3635.455 between number of observed events 2991667.000 and predicted events 2988031.545 is larger than +/- 1.0e-5 times the number of observed events (0.00121519381684358).
2022-12-22T05:12:01:  >Iteration   0: -logL=-3638999.455, Lambda=1.0e-03 (no free parameters)
2022-12-22T05:12:01: 
2022-12-22T05:12:01: +============================================+
2022-12-22T05:12:01: | Maximum likelihood re-optimisation results |
2022-12-22T05:12:01: +============================================+
2022-12-22T05:12:01: === GOptimizerLM ===
2022-12-22T05:12:01:  Optimized function value ..: -3638999.455
2022-12-22T05:12:01:  Absolute precision ........: 0.005
2022-12-22T05:12:01:  Acceptable value decrease .: 0
2022-12-22T05:12:01:  Optimization status .......: converged
2022-12-22T05:12:01:  Number of parameters ......: 4
2022-12-22T05:12:01:  Number of free parameters .: 0
2022-12-22T05:12:01:  Number of iterations ......: 0
2022-12-22T05:12:01:  Lambda ....................: 0.001
2022-12-22T05:12:01:  Total number of iterations : 0
2022-12-22T05:12:01:  Maximum log likelihood ....: 3638999.455
2022-12-22T05:12:01:  Observed events  (Nobs) ...: 2991667.000
2022-12-22T05:12:01:  Predicted events (Npred) ..: 2988031.545 (Nobs - Npred = 3635.45524045499)
2022-12-22T05:12:01: === GModels ===
2022-12-22T05:12:01:  Number of models ..........: 1
2022-12-22T05:12:01:  Number of parameters ......: 4
2022-12-22T05:12:01: === GCTAModelCubeBackground ===
2022-12-22T05:12:01:  Name ......................: BackgroundModel
2022-12-22T05:12:01:  Instruments ...............: CTA, HESS, MAGIC, VERITAS, ASTRI
2022-12-22T05:12:01:  Observation identifiers ...: all
2022-12-22T05:12:01:  Model type ................: "PowerLaw" * "Constant"
2022-12-22T05:12:01:  Number of parameters ......: 4
2022-12-22T05:12:01:  Number of spectral par's ..: 3
2022-12-22T05:12:01:   Prefactor ................: 1 [0.01,100] ph/cm2/s/MeV (fixed,scale=1,gradient)
2022-12-22T05:12:01:   Index ....................: 0 [-5,5]  (fixed,scale=1,gradient)
2022-12-22T05:12:01:   PivotEnergy ..............: 1000000 MeV (fixed,scale=1000000,gradient)
2022-12-22T05:12:01:  Number of temporal par's ..: 1
2022-12-22T05:12:01:   Normalization ............: 1 (relative value) (fixed,scale=1,gradient)
2022-12-22T05:12:01: 
2022-12-22T05:12:01: +=========================================+
2022-12-22T05:12:01: | Maximum likelihood optimisation results |
2022-12-22T05:12:01: +=========================================+
2022-12-22T05:12:01: === GOptimizerLM ===
2022-12-22T05:12:01:  Optimized function value ..: -3640210.840
2022-12-22T05:12:01:  Absolute precision ........: 0.005
2022-12-22T05:12:01:  Acceptable value decrease .: 0
2022-12-22T05:12:01:  Optimization status .......: converged
2022-12-22T05:12:01:  Number of parameters ......: 11
2022-12-22T05:12:01:  Number of free parameters .: 1
2022-12-22T05:12:01:  Number of iterations ......: 1
2022-12-22T05:12:01:  Lambda ....................: 0.0001
2022-12-22T05:12:01:  Total number of iterations : 4
2022-12-22T05:12:01:  Maximum log likelihood ....: 3640210.840
2022-12-22T05:12:01:  Observed events  (Nobs) ...: 2991667.000
2022-12-22T05:12:01:  Predicted events (Npred) ..: 2992330.481 (Nobs - Npred = -663.480943832546)
2022-12-22T05:12:01: === GModels ===
2022-12-22T05:12:01:  Number of models ..........: 2
2022-12-22T05:12:01:  Number of parameters ......: 11
2022-12-22T05:12:01: === GModelSky ===
2022-12-22T05:12:01:  Name ......................: pwn_0
2022-12-22T05:12:01:  Instruments ...............: all
2022-12-22T05:12:01:  Test Statistic ............: 2422.77165491972
2022-12-22T05:12:01:  Observation identifiers ...: all
2022-12-22T05:12:01:  Model type ................: ExtendedSource
2022-12-22T05:12:01:  Model components ..........: "RadialGaussian" * "PowerLaw" * "Constant"
2022-12-22T05:12:01:  Number of parameters ......: 7
2022-12-22T05:12:01:  Number of spatial par's ...: 3
2022-12-22T05:12:01:   GLON .....................: 0 [-360,360] deg (fixed,scale=1,gradient)
2022-12-22T05:12:01:   GLAT .....................: 0 [-90,90] deg (fixed,scale=1,gradient)
2022-12-22T05:12:01:   Sigma ....................: 0.001 [0.001,10] deg (fixed,scale=1,gradient)
2022-12-22T05:12:01:  Number of spectral par's ..: 3
2022-12-22T05:12:01:   Prefactor ................: 5.02711203648659e-18 +/- 1.43591444986487e-19 [1e-23,1e-13] ph/cm2/s/MeV (free,scale=1e-16,gradient)
2022-12-22T05:12:01:   Index ....................: -2.48 [-5,-0]  (fixed,scale=-1,gradient)
2022-12-22T05:12:01:   PivotEnergy ..............: 300000 [10000,1000000000] MeV (fixed,scale=1000000,gradient)
2022-12-22T05:12:01:  Number of temporal par's ..: 1
2022-12-22T05:12:01:   Normalization ............: 1 (relative value) (fixed,scale=1,gradient)
2022-12-22T05:12:01:  Number of scale par's .....: 0
2022-12-22T05:12:01: === GCTAModelCubeBackground ===
2022-12-22T05:12:01:  Name ......................: BackgroundModel
2022-12-22T05:12:01:  Instruments ...............: CTA, HESS, MAGIC, VERITAS, ASTRI
2022-12-22T05:12:01:  Observation identifiers ...: all
2022-12-22T05:12:01:  Model type ................: "PowerLaw" * "Constant"
2022-12-22T05:12:01:  Number of parameters ......: 4
2022-12-22T05:12:01:  Number of spectral par's ..: 3
2022-12-22T05:12:01:   Prefactor ................: 1 [0.01,100] ph/cm2/s/MeV (fixed,scale=1,gradient)
2022-12-22T05:12:01:   Index ....................: 0 [-5,5]  (fixed,scale=1,gradient)
2022-12-22T05:12:01:   PivotEnergy ..............: 1000000 MeV (fixed,scale=1000000,gradient)
2022-12-22T05:12:01:  Number of temporal par's ..: 1
2022-12-22T05:12:01:   Normalization ............: 1 (relative value) (fixed,scale=1,gradient)
2022-12-22T05:12:01: 
2022-12-22T05:12:01: +==============+
2022-12-22T05:12:01: | Save results |
2022-12-22T05:12:01: +==============+
2022-12-22T05:12:01:  Model definition file .....: emin=0.10_emax=10.00_side=3.00_models_point_source_tscalc_results.xml
2022-12-22T05:12:01:  Covariance matrix file ....: NONE
2022-12-22T05:12:01: 
2022-12-22T05:12:01: Application "ctlike" terminated after 14 wall clock seconds, consuming 13.8802 seconds of CPU time and generating a carbon footprint of 0.0540667 g eCO2.
