2022-12-22T04:51:54: ********************************************************************************
2022-12-22T04:51:54: *                                   csobsdef                                   *
2022-12-22T04:51:54: * ---------------------------------------------------------------------------- *
2022-12-22T04:51:54: * Version: 2.0.0                                                               *
2022-12-22T04:51:54: ********************************************************************************
2022-12-22T04:51:54: +============+
2022-12-22T04:51:54: | Parameters |
2022-12-22T04:51:54: +============+
2022-12-22T04:51:54:  inpnt .....................: pointings.txt
2022-12-22T04:51:54:  outobs ....................: obsdef.xml
2022-12-22T04:51:54:  duration ..................: 7200
2022-12-22T04:51:54:  name ......................: None
2022-12-22T04:51:54:  instrument ................: CTA
2022-12-22T04:51:54:  caldb .....................: mult3_zd20_m2
2022-12-22T04:51:54:  irf .......................: South_50h
2022-12-22T04:51:54:  emin ......................: 0.1
2022-12-22T04:51:54:  emax ......................: 10
2022-12-22T04:51:54:  rad .......................: 4
2022-12-22T04:51:54:  deadc .....................: 0.98
2022-12-22T04:51:54:  mjdref ....................: 51544.5
2022-12-22T04:51:54:  chatter ...................: 4
2022-12-22T04:51:54:  clobber ...................: yes
2022-12-22T04:51:54:  debug .....................: yes
2022-12-22T04:51:54:  mode ......................: ql
2022-12-22T04:51:54:  logfile ...................: csobsdef.log
2022-12-22T04:51:54: 
2022-12-22T04:51:54: +==========================================+
2022-12-22T04:51:54: | Creating observation definition XML file |
2022-12-22T04:51:54: +==========================================+
2022-12-22T04:51:54:  CTA observation ...........: Name="None" ID="1"
2022-12-22T04:51:54: === GCTAObservation ===
2022-12-22T04:51:54:  Name ......................: None
2022-12-22T04:51:54:  Identifier ................: 1
2022-12-22T04:51:54:  Instrument ................: CTA
2022-12-22T04:51:54:  Event file ................: 
2022-12-22T04:51:54:  Event type ................: EventList
2022-12-22T04:51:54:  Statistic .................: cstat
2022-12-22T04:51:54:  Ontime ....................: 7200 s
2022-12-22T04:51:54:  Livetime ..................: 7056 s
2022-12-22T04:51:54:  Deadtime correction .......: 0.98
2022-12-22T04:51:54:  User energy range .........: undefined
2022-12-22T04:51:54: === GCTAPointing ===
2022-12-22T04:51:54:  Pointing direction ........: (RA,Dec)=(267.68,-29.61)
2022-12-22T04:51:54: === GCTAResponseIrf ===
2022-12-22T04:51:54:  Caldb mission .............: cta
2022-12-22T04:51:54:  Caldb instrument ..........: mult3_zd20_m2
2022-12-22T04:51:54:  Response name .............: South_50h
2022-12-22T04:51:54:  Energy dispersion .........: Not used
2022-12-22T04:51:54:  Safe energy range .........: undefined
2022-12-22T04:51:54: === GCTAEventList ===
2022-12-22T04:51:54:  Number of events ..........: 0 (disposed without possibility to recover)
2022-12-22T04:51:54:  Time interval .............: 51544.5 - 51544.5833333333 days
2022-12-22T04:51:54:  Energy interval ...........: 0.1 - 10 TeV
2022-12-22T04:51:54:  Region of interest ........: RA=267.68, DEC=-29.61 [0,0] Radius=4 deg
2022-12-22T04:51:54: === GSkyRegions ===
2022-12-22T04:51:54:  Number of regions .........: 0
2022-12-22T04:51:54: 
2022-12-22T04:51:54:  CTA observation ...........: Name="None" ID="2"
2022-12-22T04:51:54: === GCTAObservation ===
2022-12-22T04:51:54:  Name ......................: None
2022-12-22T04:51:54:  Identifier ................: 2
2022-12-22T04:51:54:  Instrument ................: CTA
2022-12-22T04:51:54:  Event file ................: 
2022-12-22T04:51:54:  Event type ................: EventList
2022-12-22T04:51:54:  Statistic .................: cstat
2022-12-22T04:51:54:  Ontime ....................: 7200 s
2022-12-22T04:51:54:  Livetime ..................: 7056 s
2022-12-22T04:51:54:  Deadtime correction .......: 0.98
2022-12-22T04:51:54:  User energy range .........: undefined
2022-12-22T04:51:54: === GCTAPointing ===
2022-12-22T04:51:54:  Pointing direction ........: (RA,Dec)=(267.68,-29.61)
2022-12-22T04:51:54: === GCTAResponseIrf ===
2022-12-22T04:51:54:  Caldb mission .............: cta
2022-12-22T04:51:54:  Caldb instrument ..........: mult3_zd20_m2
2022-12-22T04:51:54:  Response name .............: South_50h
2022-12-22T04:51:54:  Energy dispersion .........: Not used
2022-12-22T04:51:54:  Safe energy range .........: undefined
2022-12-22T04:51:54: === GCTAEventList ===
2022-12-22T04:51:54:  Number of events ..........: 0 (disposed without possibility to recover)
2022-12-22T04:51:54:  Time interval .............: 51544.5833333333 - 51544.6666666667 days
2022-12-22T04:51:54:  Energy interval ...........: 0.1 - 10 TeV
2022-12-22T04:51:54:  Region of interest ........: RA=267.68, DEC=-29.61 [0,0] Radius=4 deg
2022-12-22T04:51:54: === GSkyRegions ===
2022-12-22T04:51:54:  Number of regions .........: 0
2022-12-22T04:51:54: 
2022-12-22T04:51:54:  CTA observation ...........: Name="None" ID="3"
2022-12-22T04:51:54: === GCTAObservation ===
2022-12-22T04:51:54:  Name ......................: None
2022-12-22T04:51:54:  Identifier ................: 3
2022-12-22T04:51:54:  Instrument ................: CTA
2022-12-22T04:51:54:  Event file ................: 
2022-12-22T04:51:54:  Event type ................: EventList
2022-12-22T04:51:54:  Statistic .................: cstat
2022-12-22T04:51:54:  Ontime ....................: 7200 s
2022-12-22T04:51:54:  Livetime ..................: 7056 s
2022-12-22T04:51:54:  Deadtime correction .......: 0.98
2022-12-22T04:51:54:  User energy range .........: undefined
2022-12-22T04:51:54: === GCTAPointing ===
2022-12-22T04:51:54:  Pointing direction ........: (RA,Dec)=(267.68,-29.61)
2022-12-22T04:51:54: === GCTAResponseIrf ===
2022-12-22T04:51:54:  Caldb mission .............: cta
2022-12-22T04:51:54:  Caldb instrument ..........: mult3_zd20_m2
2022-12-22T04:51:54:  Response name .............: South_50h
2022-12-22T04:51:54:  Energy dispersion .........: Not used
2022-12-22T04:51:54:  Safe energy range .........: undefined
2022-12-22T04:51:54: === GCTAEventList ===
2022-12-22T04:51:54:  Number of events ..........: 0 (disposed without possibility to recover)
2022-12-22T04:51:54:  Time interval .............: 51544.6666666667 - 51544.75 days
2022-12-22T04:51:54:  Energy interval ...........: 0.1 - 10 TeV
2022-12-22T04:51:54:  Region of interest ........: RA=267.68, DEC=-29.61 [0,0] Radius=4 deg
2022-12-22T04:51:54: === GSkyRegions ===
2022-12-22T04:51:54:  Number of regions .........: 0
2022-12-22T04:51:54: 
2022-12-22T04:51:54:  CTA observation ...........: Name="None" ID="4"
2022-12-22T04:51:54: === GCTAObservation ===
2022-12-22T04:51:54:  Name ......................: None
2022-12-22T04:51:54:  Identifier ................: 4
2022-12-22T04:51:54:  Instrument ................: CTA
2022-12-22T04:51:54:  Event file ................: 
2022-12-22T04:51:54:  Event type ................: EventList
2022-12-22T04:51:54:  Statistic .................: cstat
2022-12-22T04:51:54:  Ontime ....................: 7200 s
2022-12-22T04:51:54:  Livetime ..................: 7056 s
2022-12-22T04:51:54:  Deadtime correction .......: 0.98
2022-12-22T04:51:54:  User energy range .........: undefined
2022-12-22T04:51:54: === GCTAPointing ===
2022-12-22T04:51:54:  Pointing direction ........: (RA,Dec)=(267.68,-29.61)
2022-12-22T04:51:54: === GCTAResponseIrf ===
2022-12-22T04:51:54:  Caldb mission .............: cta
2022-12-22T04:51:54:  Caldb instrument ..........: mult3_zd20_m2
2022-12-22T04:51:54:  Response name .............: South_50h
2022-12-22T04:51:54:  Energy dispersion .........: Not used
2022-12-22T04:51:54:  Safe energy range .........: undefined
2022-12-22T04:51:54: === GCTAEventList ===
2022-12-22T04:51:54:  Number of events ..........: 0 (disposed without possibility to recover)
2022-12-22T04:51:54:  Time interval .............: 51544.75 - 51544.8333333333 days
2022-12-22T04:51:54:  Energy interval ...........: 0.1 - 10 TeV
2022-12-22T04:51:54:  Region of interest ........: RA=267.68, DEC=-29.61 [0,0] Radius=4 deg
2022-12-22T04:51:54: === GSkyRegions ===
2022-12-22T04:51:54:  Number of regions .........: 0
2022-12-22T04:51:54: 
2022-12-22T04:51:54:  CTA observation ...........: Name="None" ID="5"
2022-12-22T04:51:54: === GCTAObservation ===
2022-12-22T04:51:54:  Name ......................: None
2022-12-22T04:51:54:  Identifier ................: 5
2022-12-22T04:51:54:  Instrument ................: CTA
2022-12-22T04:51:54:  Event file ................: 
2022-12-22T04:51:54:  Event type ................: EventList
2022-12-22T04:51:54:  Statistic .................: cstat
2022-12-22T04:51:54:  Ontime ....................: 7200 s
2022-12-22T04:51:54:  Livetime ..................: 7056 s
2022-12-22T04:51:54:  Deadtime correction .......: 0.98
2022-12-22T04:51:54:  User energy range .........: undefined
2022-12-22T04:51:54: === GCTAPointing ===
2022-12-22T04:51:54:  Pointing direction ........: (RA,Dec)=(267.68,-29.61)
2022-12-22T04:51:54: === GCTAResponseIrf ===
2022-12-22T04:51:54:  Caldb mission .............: cta
2022-12-22T04:51:54:  Caldb instrument ..........: mult3_zd20_m2
2022-12-22T04:51:54:  Response name .............: South_50h
2022-12-22T04:51:54:  Energy dispersion .........: Not used
2022-12-22T04:51:54:  Safe energy range .........: undefined
2022-12-22T04:51:54: === GCTAEventList ===
2022-12-22T04:51:54:  Number of events ..........: 0 (disposed without possibility to recover)
2022-12-22T04:51:54:  Time interval .............: 51544.8333333333 - 51544.9166666667 days
2022-12-22T04:51:54:  Energy interval ...........: 0.1 - 10 TeV
2022-12-22T04:51:54:  Region of interest ........: RA=267.68, DEC=-29.61 [0,0] Radius=4 deg
2022-12-22T04:51:54: === GSkyRegions ===
2022-12-22T04:51:54:  Number of regions .........: 0
2022-12-22T04:51:54: 
2022-12-22T04:51:54:  CTA observation ...........: Name="None" ID="6"
2022-12-22T04:51:54: === GCTAObservation ===
2022-12-22T04:51:54:  Name ......................: None
2022-12-22T04:51:54:  Identifier ................: 6
2022-12-22T04:51:54:  Instrument ................: CTA
2022-12-22T04:51:54:  Event file ................: 
2022-12-22T04:51:54:  Event type ................: EventList
2022-12-22T04:51:54:  Statistic .................: cstat
2022-12-22T04:51:54:  Ontime ....................: 7200 s
2022-12-22T04:51:54:  Livetime ..................: 7056 s
2022-12-22T04:51:54:  Deadtime correction .......: 0.98
2022-12-22T04:51:54:  User energy range .........: undefined
2022-12-22T04:51:54: === GCTAPointing ===
2022-12-22T04:51:54:  Pointing direction ........: (RA,Dec)=(267.68,-29.61)
2022-12-22T04:51:54: === GCTAResponseIrf ===
2022-12-22T04:51:54:  Caldb mission .............: cta
2022-12-22T04:51:54:  Caldb instrument ..........: mult3_zd20_m2
2022-12-22T04:51:54:  Response name .............: South_50h
2022-12-22T04:51:54:  Energy dispersion .........: Not used
2022-12-22T04:51:54:  Safe energy range .........: undefined
2022-12-22T04:51:54: === GCTAEventList ===
2022-12-22T04:51:54:  Number of events ..........: 0 (disposed without possibility to recover)
2022-12-22T04:51:54:  Time interval .............: 51544.9166666667 - 51545 days
2022-12-22T04:51:54:  Energy interval ...........: 0.1 - 10 TeV
2022-12-22T04:51:54:  Region of interest ........: RA=267.68, DEC=-29.61 [0,0] Radius=4 deg
2022-12-22T04:51:54: === GSkyRegions ===
2022-12-22T04:51:54:  Number of regions .........: 0
2022-12-22T04:51:54: 
2022-12-22T04:51:54:  CTA observation ...........: Name="None" ID="7"
2022-12-22T04:51:54: === GCTAObservation ===
2022-12-22T04:51:54:  Name ......................: None
2022-12-22T04:51:54:  Identifier ................: 7
2022-12-22T04:51:54:  Instrument ................: CTA
2022-12-22T04:51:54:  Event file ................: 
2022-12-22T04:51:54:  Event type ................: EventList
2022-12-22T04:51:54:  Statistic .................: cstat
2022-12-22T04:51:54:  Ontime ....................: 7200 s
2022-12-22T04:51:54:  Livetime ..................: 7056 s
2022-12-22T04:51:54:  Deadtime correction .......: 0.98
2022-12-22T04:51:54:  User energy range .........: undefined
2022-12-22T04:51:54: === GCTAPointing ===
2022-12-22T04:51:54:  Pointing direction ........: (RA,Dec)=(267.68,-29.61)
2022-12-22T04:51:54: === GCTAResponseIrf ===
2022-12-22T04:51:54:  Caldb mission .............: cta
2022-12-22T04:51:54:  Caldb instrument ..........: mult3_zd20_m2
2022-12-22T04:51:54:  Response name .............: South_50h
2022-12-22T04:51:54:  Energy dispersion .........: Not used
2022-12-22T04:51:54:  Safe energy range .........: undefined
2022-12-22T04:51:54: === GCTAEventList ===
2022-12-22T04:51:54:  Number of events ..........: 0 (disposed without possibility to recover)
2022-12-22T04:51:54:  Time interval .............: 51545 - 51545.0833333333 days
2022-12-22T04:51:54:  Energy interval ...........: 0.1 - 10 TeV
2022-12-22T04:51:54:  Region of interest ........: RA=267.68, DEC=-29.61 [0,0] Radius=4 deg
2022-12-22T04:51:54: === GSkyRegions ===
2022-12-22T04:51:54:  Number of regions .........: 0
2022-12-22T04:51:54: 
2022-12-22T04:51:54:  CTA observation ...........: Name="None" ID="8"
2022-12-22T04:51:54: === GCTAObservation ===
2022-12-22T04:51:54:  Name ......................: None
2022-12-22T04:51:54:  Identifier ................: 8
2022-12-22T04:51:54:  Instrument ................: CTA
2022-12-22T04:51:54:  Event file ................: 
2022-12-22T04:51:54:  Event type ................: EventList
2022-12-22T04:51:54:  Statistic .................: cstat
2022-12-22T04:51:54:  Ontime ....................: 7200 s
2022-12-22T04:51:54:  Livetime ..................: 7056 s
2022-12-22T04:51:54:  Deadtime correction .......: 0.98
2022-12-22T04:51:54:  User energy range .........: undefined
2022-12-22T04:51:54: === GCTAPointing ===
2022-12-22T04:51:54:  Pointing direction ........: (RA,Dec)=(267.68,-29.61)
2022-12-22T04:51:54: === GCTAResponseIrf ===
2022-12-22T04:51:54:  Caldb mission .............: cta
2022-12-22T04:51:54:  Caldb instrument ..........: mult3_zd20_m2
2022-12-22T04:51:54:  Response name .............: South_50h
2022-12-22T04:51:54:  Energy dispersion .........: Not used
2022-12-22T04:51:54:  Safe energy range .........: undefined
2022-12-22T04:51:54: === GCTAEventList ===
2022-12-22T04:51:54:  Number of events ..........: 0 (disposed without possibility to recover)
2022-12-22T04:51:54:  Time interval .............: 51545.0833333333 - 51545.1666666667 days
2022-12-22T04:51:54:  Energy interval ...........: 0.1 - 10 TeV
2022-12-22T04:51:54:  Region of interest ........: RA=267.68, DEC=-29.61 [0,0] Radius=4 deg
2022-12-22T04:51:54: === GSkyRegions ===
2022-12-22T04:51:54:  Number of regions .........: 0
2022-12-22T04:51:54: 
2022-12-22T04:51:54:  CTA observation ...........: Name="None" ID="9"
2022-12-22T04:51:54: === GCTAObservation ===
2022-12-22T04:51:54:  Name ......................: None
2022-12-22T04:51:54:  Identifier ................: 9
2022-12-22T04:51:54:  Instrument ................: CTA
2022-12-22T04:51:54:  Event file ................: 
2022-12-22T04:51:54:  Event type ................: EventList
2022-12-22T04:51:54:  Statistic .................: cstat
2022-12-22T04:51:54:  Ontime ....................: 7200 s
2022-12-22T04:51:54:  Livetime ..................: 7056 s
2022-12-22T04:51:54:  Deadtime correction .......: 0.98
2022-12-22T04:51:54:  User energy range .........: undefined
2022-12-22T04:51:54: === GCTAPointing ===
2022-12-22T04:51:54:  Pointing direction ........: (RA,Dec)=(267.68,-29.61)
2022-12-22T04:51:54: === GCTAResponseIrf ===
2022-12-22T04:51:54:  Caldb mission .............: cta
2022-12-22T04:51:54:  Caldb instrument ..........: mult3_zd20_m2
2022-12-22T04:51:54:  Response name .............: South_50h
2022-12-22T04:51:54:  Energy dispersion .........: Not used
2022-12-22T04:51:54:  Safe energy range .........: undefined
2022-12-22T04:51:54: === GCTAEventList ===
2022-12-22T04:51:54:  Number of events ..........: 0 (disposed without possibility to recover)
2022-12-22T04:51:54:  Time interval .............: 51545.1666666667 - 51545.25 days
2022-12-22T04:51:54:  Energy interval ...........: 0.1 - 10 TeV
2022-12-22T04:51:54:  Region of interest ........: RA=267.68, DEC=-29.61 [0,0] Radius=4 deg
2022-12-22T04:51:54: === GSkyRegions ===
2022-12-22T04:51:54:  Number of regions .........: 0
2022-12-22T04:51:54: 
2022-12-22T04:51:54:  CTA observation ...........: Name="None" ID="10"
2022-12-22T04:51:54: === GCTAObservation ===
2022-12-22T04:51:54:  Name ......................: None
2022-12-22T04:51:54:  Identifier ................: 10
2022-12-22T04:51:54:  Instrument ................: CTA
2022-12-22T04:51:54:  Event file ................: 
2022-12-22T04:51:54:  Event type ................: EventList
2022-12-22T04:51:54:  Statistic .................: cstat
2022-12-22T04:51:54:  Ontime ....................: 7200 s
2022-12-22T04:51:54:  Livetime ..................: 7056 s
2022-12-22T04:51:54:  Deadtime correction .......: 0.98
2022-12-22T04:51:54:  User energy range .........: undefined
2022-12-22T04:51:54: === GCTAPointing ===
2022-12-22T04:51:54:  Pointing direction ........: (RA,Dec)=(267.68,-29.61)
2022-12-22T04:51:54: === GCTAResponseIrf ===
2022-12-22T04:51:54:  Caldb mission .............: cta
2022-12-22T04:51:54:  Caldb instrument ..........: mult3_zd20_m2
2022-12-22T04:51:54:  Response name .............: South_50h
2022-12-22T04:51:54:  Energy dispersion .........: Not used
2022-12-22T04:51:54:  Safe energy range .........: undefined
2022-12-22T04:51:54: === GCTAEventList ===
2022-12-22T04:51:54:  Number of events ..........: 0 (disposed without possibility to recover)
2022-12-22T04:51:54:  Time interval .............: 51545.25 - 51545.3333333333 days
2022-12-22T04:51:54:  Energy interval ...........: 0.1 - 10 TeV
2022-12-22T04:51:54:  Region of interest ........: RA=267.68, DEC=-29.61 [0,0] Radius=4 deg
2022-12-22T04:51:54: === GSkyRegions ===
2022-12-22T04:51:54:  Number of regions .........: 0
2022-12-22T04:51:54: 
2022-12-22T04:51:54:  CTA observation ...........: Name="None" ID="11"
2022-12-22T04:51:54: === GCTAObservation ===
2022-12-22T04:51:54:  Name ......................: None
2022-12-22T04:51:54:  Identifier ................: 11
2022-12-22T04:51:54:  Instrument ................: CTA
2022-12-22T04:51:54:  Event file ................: 
2022-12-22T04:51:54:  Event type ................: EventList
2022-12-22T04:51:54:  Statistic .................: cstat
2022-12-22T04:51:54:  Ontime ....................: 7200 s
2022-12-22T04:51:54:  Livetime ..................: 7056 s
2022-12-22T04:51:54:  Deadtime correction .......: 0.98
2022-12-22T04:51:54:  User energy range .........: undefined
2022-12-22T04:51:54: === GCTAPointing ===
2022-12-22T04:51:54:  Pointing direction ........: (RA,Dec)=(267.68,-29.61)
2022-12-22T04:51:54: === GCTAResponseIrf ===
2022-12-22T04:51:54:  Caldb mission .............: cta
2022-12-22T04:51:54:  Caldb instrument ..........: mult3_zd20_m2
2022-12-22T04:51:54:  Response name .............: South_50h
2022-12-22T04:51:54:  Energy dispersion .........: Not used
2022-12-22T04:51:54:  Safe energy range .........: undefined
2022-12-22T04:51:54: === GCTAEventList ===
2022-12-22T04:51:54:  Number of events ..........: 0 (disposed without possibility to recover)
2022-12-22T04:51:54:  Time interval .............: 51545.3333333333 - 51545.4166666667 days
2022-12-22T04:51:54:  Energy interval ...........: 0.1 - 10 TeV
2022-12-22T04:51:54:  Region of interest ........: RA=267.68, DEC=-29.61 [0,0] Radius=4 deg
2022-12-22T04:51:54: === GSkyRegions ===
2022-12-22T04:51:54:  Number of regions .........: 0
2022-12-22T04:51:54: 
2022-12-22T04:51:54:  CTA observation ...........: Name="None" ID="12"
2022-12-22T04:51:54: === GCTAObservation ===
2022-12-22T04:51:54:  Name ......................: None
2022-12-22T04:51:54:  Identifier ................: 12
2022-12-22T04:51:54:  Instrument ................: CTA
2022-12-22T04:51:54:  Event file ................: 
2022-12-22T04:51:54:  Event type ................: EventList
2022-12-22T04:51:54:  Statistic .................: cstat
2022-12-22T04:51:54:  Ontime ....................: 7200 s
2022-12-22T04:51:54:  Livetime ..................: 7056 s
2022-12-22T04:51:54:  Deadtime correction .......: 0.98
2022-12-22T04:51:54:  User energy range .........: undefined
2022-12-22T04:51:54: === GCTAPointing ===
2022-12-22T04:51:54:  Pointing direction ........: (RA,Dec)=(267.68,-29.61)
2022-12-22T04:51:54: === GCTAResponseIrf ===
2022-12-22T04:51:54:  Caldb mission .............: cta
2022-12-22T04:51:54:  Caldb instrument ..........: mult3_zd20_m2
2022-12-22T04:51:54:  Response name .............: South_50h
2022-12-22T04:51:54:  Energy dispersion .........: Not used
2022-12-22T04:51:54:  Safe energy range .........: undefined
2022-12-22T04:51:54: === GCTAEventList ===
2022-12-22T04:51:54:  Number of events ..........: 0 (disposed without possibility to recover)
2022-12-22T04:51:54:  Time interval .............: 51545.4166666667 - 51545.5 days
2022-12-22T04:51:54:  Energy interval ...........: 0.1 - 10 TeV
2022-12-22T04:51:54:  Region of interest ........: RA=267.68, DEC=-29.61 [0,0] Radius=4 deg
2022-12-22T04:51:54: === GSkyRegions ===
2022-12-22T04:51:54:  Number of regions .........: 0
2022-12-22T04:51:54: 
2022-12-22T04:51:54:  CTA observation ...........: Name="None" ID="13"
2022-12-22T04:51:54: === GCTAObservation ===
2022-12-22T04:51:54:  Name ......................: None
2022-12-22T04:51:54:  Identifier ................: 13
2022-12-22T04:51:54:  Instrument ................: CTA
2022-12-22T04:51:54:  Event file ................: 
2022-12-22T04:51:54:  Event type ................: EventList
2022-12-22T04:51:54:  Statistic .................: cstat
2022-12-22T04:51:54:  Ontime ....................: 7200 s
2022-12-22T04:51:54:  Livetime ..................: 7056 s
2022-12-22T04:51:54:  Deadtime correction .......: 0.98
2022-12-22T04:51:54:  User energy range .........: undefined
2022-12-22T04:51:54: === GCTAPointing ===
2022-12-22T04:51:54:  Pointing direction ........: (RA,Dec)=(267.68,-29.61)
2022-12-22T04:51:54: === GCTAResponseIrf ===
2022-12-22T04:51:54:  Caldb mission .............: cta
2022-12-22T04:51:54:  Caldb instrument ..........: mult3_zd20_m2
2022-12-22T04:51:54:  Response name .............: South_50h
2022-12-22T04:51:54:  Energy dispersion .........: Not used
2022-12-22T04:51:54:  Safe energy range .........: undefined
2022-12-22T04:51:54: === GCTAEventList ===
2022-12-22T04:51:54:  Number of events ..........: 0 (disposed without possibility to recover)
2022-12-22T04:51:54:  Time interval .............: 51545.5 - 51545.5833333333 days
2022-12-22T04:51:54:  Energy interval ...........: 0.1 - 10 TeV
2022-12-22T04:51:54:  Region of interest ........: RA=267.68, DEC=-29.61 [0,0] Radius=4 deg
2022-12-22T04:51:54: === GSkyRegions ===
2022-12-22T04:51:54:  Number of regions .........: 0
2022-12-22T04:51:54: 
2022-12-22T04:51:54:  CTA observation ...........: Name="None" ID="14"
2022-12-22T04:51:54: === GCTAObservation ===
2022-12-22T04:51:54:  Name ......................: None
2022-12-22T04:51:54:  Identifier ................: 14
2022-12-22T04:51:54:  Instrument ................: CTA
2022-12-22T04:51:54:  Event file ................: 
2022-12-22T04:51:54:  Event type ................: EventList
2022-12-22T04:51:54:  Statistic .................: cstat
2022-12-22T04:51:54:  Ontime ....................: 7200 s
2022-12-22T04:51:54:  Livetime ..................: 7056 s
2022-12-22T04:51:54:  Deadtime correction .......: 0.98
2022-12-22T04:51:54:  User energy range .........: undefined
2022-12-22T04:51:54: === GCTAPointing ===
2022-12-22T04:51:54:  Pointing direction ........: (RA,Dec)=(267.68,-29.61)
2022-12-22T04:51:54: === GCTAResponseIrf ===
2022-12-22T04:51:54:  Caldb mission .............: cta
2022-12-22T04:51:54:  Caldb instrument ..........: mult3_zd20_m2
2022-12-22T04:51:54:  Response name .............: South_50h
2022-12-22T04:51:54:  Energy dispersion .........: Not used
2022-12-22T04:51:54:  Safe energy range .........: undefined
2022-12-22T04:51:54: === GCTAEventList ===
2022-12-22T04:51:54:  Number of events ..........: 0 (disposed without possibility to recover)
2022-12-22T04:51:54:  Time interval .............: 51545.5833333333 - 51545.6666666667 days
2022-12-22T04:51:54:  Energy interval ...........: 0.1 - 10 TeV
2022-12-22T04:51:54:  Region of interest ........: RA=267.68, DEC=-29.61 [0,0] Radius=4 deg
2022-12-22T04:51:54: === GSkyRegions ===
2022-12-22T04:51:54:  Number of regions .........: 0
2022-12-22T04:51:54: 
2022-12-22T04:51:54:  CTA observation ...........: Name="None" ID="15"
2022-12-22T04:51:54: === GCTAObservation ===
2022-12-22T04:51:54:  Name ......................: None
2022-12-22T04:51:54:  Identifier ................: 15
2022-12-22T04:51:54:  Instrument ................: CTA
2022-12-22T04:51:54:  Event file ................: 
2022-12-22T04:51:54:  Event type ................: EventList
2022-12-22T04:51:54:  Statistic .................: cstat
2022-12-22T04:51:54:  Ontime ....................: 7200 s
2022-12-22T04:51:54:  Livetime ..................: 7056 s
2022-12-22T04:51:54:  Deadtime correction .......: 0.98
2022-12-22T04:51:54:  User energy range .........: undefined
2022-12-22T04:51:54: === GCTAPointing ===
2022-12-22T04:51:54:  Pointing direction ........: (RA,Dec)=(267.68,-29.61)
2022-12-22T04:51:54: === GCTAResponseIrf ===
2022-12-22T04:51:54:  Caldb mission .............: cta
2022-12-22T04:51:54:  Caldb instrument ..........: mult3_zd20_m2
2022-12-22T04:51:54:  Response name .............: South_50h
2022-12-22T04:51:54:  Energy dispersion .........: Not used
2022-12-22T04:51:54:  Safe energy range .........: undefined
2022-12-22T04:51:54: === GCTAEventList ===
2022-12-22T04:51:54:  Number of events ..........: 0 (disposed without possibility to recover)
2022-12-22T04:51:54:  Time interval .............: 51545.6666666667 - 51545.75 days
2022-12-22T04:51:54:  Energy interval ...........: 0.1 - 10 TeV
2022-12-22T04:51:54:  Region of interest ........: RA=267.68, DEC=-29.61 [0,0] Radius=4 deg
2022-12-22T04:51:54: === GSkyRegions ===
2022-12-22T04:51:54:  Number of regions .........: 0
2022-12-22T04:51:54: 
2022-12-22T04:51:55:  CTA observation ...........: Name="None" ID="16"
2022-12-22T04:51:55: === GCTAObservation ===
2022-12-22T04:51:55:  Name ......................: None
2022-12-22T04:51:55:  Identifier ................: 16
2022-12-22T04:51:55:  Instrument ................: CTA
2022-12-22T04:51:55:  Event file ................: 
2022-12-22T04:51:55:  Event type ................: EventList
2022-12-22T04:51:55:  Statistic .................: cstat
2022-12-22T04:51:55:  Ontime ....................: 7200 s
2022-12-22T04:51:55:  Livetime ..................: 7056 s
2022-12-22T04:51:55:  Deadtime correction .......: 0.98
2022-12-22T04:51:55:  User energy range .........: undefined
2022-12-22T04:51:55: === GCTAPointing ===
2022-12-22T04:51:55:  Pointing direction ........: (RA,Dec)=(267.68,-29.61)
2022-12-22T04:51:55: === GCTAResponseIrf ===
2022-12-22T04:51:55:  Caldb mission .............: cta
2022-12-22T04:51:55:  Caldb instrument ..........: mult3_zd20_m2
2022-12-22T04:51:55:  Response name .............: South_50h
2022-12-22T04:51:55:  Energy dispersion .........: Not used
2022-12-22T04:51:55:  Safe energy range .........: undefined
2022-12-22T04:51:55: === GCTAEventList ===
2022-12-22T04:51:55:  Number of events ..........: 0 (disposed without possibility to recover)
2022-12-22T04:51:55:  Time interval .............: 51545.75 - 51545.8333333333 days
2022-12-22T04:51:55:  Energy interval ...........: 0.1 - 10 TeV
2022-12-22T04:51:55:  Region of interest ........: RA=267.68, DEC=-29.61 [0,0] Radius=4 deg
2022-12-22T04:51:55: === GSkyRegions ===
2022-12-22T04:51:55:  Number of regions .........: 0
2022-12-22T04:51:55: 
2022-12-22T04:51:55:  CTA observation ...........: Name="None" ID="17"
2022-12-22T04:51:55: === GCTAObservation ===
2022-12-22T04:51:55:  Name ......................: None
2022-12-22T04:51:55:  Identifier ................: 17
2022-12-22T04:51:55:  Instrument ................: CTA
2022-12-22T04:51:55:  Event file ................: 
2022-12-22T04:51:55:  Event type ................: EventList
2022-12-22T04:51:55:  Statistic .................: cstat
2022-12-22T04:51:55:  Ontime ....................: 7200 s
2022-12-22T04:51:55:  Livetime ..................: 7056 s
2022-12-22T04:51:55:  Deadtime correction .......: 0.98
2022-12-22T04:51:55:  User energy range .........: undefined
2022-12-22T04:51:55: === GCTAPointing ===
2022-12-22T04:51:55:  Pointing direction ........: (RA,Dec)=(267.68,-29.61)
2022-12-22T04:51:55: === GCTAResponseIrf ===
2022-12-22T04:51:55:  Caldb mission .............: cta
2022-12-22T04:51:55:  Caldb instrument ..........: mult3_zd20_m2
2022-12-22T04:51:55:  Response name .............: South_50h
2022-12-22T04:51:55:  Energy dispersion .........: Not used
2022-12-22T04:51:55:  Safe energy range .........: undefined
2022-12-22T04:51:55: === GCTAEventList ===
2022-12-22T04:51:55:  Number of events ..........: 0 (disposed without possibility to recover)
2022-12-22T04:51:55:  Time interval .............: 51545.8333333333 - 51545.9166666667 days
2022-12-22T04:51:55:  Energy interval ...........: 0.1 - 10 TeV
2022-12-22T04:51:55:  Region of interest ........: RA=267.68, DEC=-29.61 [0,0] Radius=4 deg
2022-12-22T04:51:55: === GSkyRegions ===
2022-12-22T04:51:55:  Number of regions .........: 0
2022-12-22T04:51:55: 
2022-12-22T04:51:55:  CTA observation ...........: Name="None" ID="18"
2022-12-22T04:51:55: === GCTAObservation ===
2022-12-22T04:51:55:  Name ......................: None
2022-12-22T04:51:55:  Identifier ................: 18
2022-12-22T04:51:55:  Instrument ................: CTA
2022-12-22T04:51:55:  Event file ................: 
2022-12-22T04:51:55:  Event type ................: EventList
2022-12-22T04:51:55:  Statistic .................: cstat
2022-12-22T04:51:55:  Ontime ....................: 7200 s
2022-12-22T04:51:55:  Livetime ..................: 7056 s
2022-12-22T04:51:55:  Deadtime correction .......: 0.98
2022-12-22T04:51:55:  User energy range .........: undefined
2022-12-22T04:51:55: === GCTAPointing ===
2022-12-22T04:51:55:  Pointing direction ........: (RA,Dec)=(267.68,-29.61)
2022-12-22T04:51:55: === GCTAResponseIrf ===
2022-12-22T04:51:55:  Caldb mission .............: cta
2022-12-22T04:51:55:  Caldb instrument ..........: mult3_zd20_m2
2022-12-22T04:51:55:  Response name .............: South_50h
2022-12-22T04:51:55:  Energy dispersion .........: Not used
2022-12-22T04:51:55:  Safe energy range .........: undefined
2022-12-22T04:51:55: === GCTAEventList ===
2022-12-22T04:51:55:  Number of events ..........: 0 (disposed without possibility to recover)
2022-12-22T04:51:55:  Time interval .............: 51545.9166666667 - 51546 days
2022-12-22T04:51:55:  Energy interval ...........: 0.1 - 10 TeV
2022-12-22T04:51:55:  Region of interest ........: RA=267.68, DEC=-29.61 [0,0] Radius=4 deg
2022-12-22T04:51:55: === GSkyRegions ===
2022-12-22T04:51:55:  Number of regions .........: 0
2022-12-22T04:51:55: 
2022-12-22T04:51:55:  CTA observation ...........: Name="None" ID="19"
2022-12-22T04:51:55: === GCTAObservation ===
2022-12-22T04:51:55:  Name ......................: None
2022-12-22T04:51:55:  Identifier ................: 19
2022-12-22T04:51:55:  Instrument ................: CTA
2022-12-22T04:51:55:  Event file ................: 
2022-12-22T04:51:55:  Event type ................: EventList
2022-12-22T04:51:55:  Statistic .................: cstat
2022-12-22T04:51:55:  Ontime ....................: 7200 s
2022-12-22T04:51:55:  Livetime ..................: 7056 s
2022-12-22T04:51:55:  Deadtime correction .......: 0.98
2022-12-22T04:51:55:  User energy range .........: undefined
2022-12-22T04:51:55: === GCTAPointing ===
2022-12-22T04:51:55:  Pointing direction ........: (RA,Dec)=(267.68,-29.61)
2022-12-22T04:51:55: === GCTAResponseIrf ===
2022-12-22T04:51:55:  Caldb mission .............: cta
2022-12-22T04:51:55:  Caldb instrument ..........: mult3_zd20_m2
2022-12-22T04:51:55:  Response name .............: South_50h
2022-12-22T04:51:55:  Energy dispersion .........: Not used
2022-12-22T04:51:55:  Safe energy range .........: undefined
2022-12-22T04:51:55: === GCTAEventList ===
2022-12-22T04:51:55:  Number of events ..........: 0 (disposed without possibility to recover)
2022-12-22T04:51:55:  Time interval .............: 51546 - 51546.0833333333 days
2022-12-22T04:51:55:  Energy interval ...........: 0.1 - 10 TeV
2022-12-22T04:51:55:  Region of interest ........: RA=267.68, DEC=-29.61 [0,0] Radius=4 deg
2022-12-22T04:51:55: === GSkyRegions ===
2022-12-22T04:51:55:  Number of regions .........: 0
2022-12-22T04:51:55: 
2022-12-22T04:51:55:  CTA observation ...........: Name="None" ID="20"
2022-12-22T04:51:55: === GCTAObservation ===
2022-12-22T04:51:55:  Name ......................: None
2022-12-22T04:51:55:  Identifier ................: 20
2022-12-22T04:51:55:  Instrument ................: CTA
2022-12-22T04:51:55:  Event file ................: 
2022-12-22T04:51:55:  Event type ................: EventList
2022-12-22T04:51:55:  Statistic .................: cstat
2022-12-22T04:51:55:  Ontime ....................: 7200 s
2022-12-22T04:51:55:  Livetime ..................: 7056 s
2022-12-22T04:51:55:  Deadtime correction .......: 0.98
2022-12-22T04:51:55:  User energy range .........: undefined
2022-12-22T04:51:55: === GCTAPointing ===
2022-12-22T04:51:55:  Pointing direction ........: (RA,Dec)=(266.04,-26.98)
2022-12-22T04:51:55: === GCTAResponseIrf ===
2022-12-22T04:51:55:  Caldb mission .............: cta
2022-12-22T04:51:55:  Caldb instrument ..........: mult3_zd20_m2
2022-12-22T04:51:55:  Response name .............: South_50h
2022-12-22T04:51:55:  Energy dispersion .........: Not used
2022-12-22T04:51:55:  Safe energy range .........: undefined
2022-12-22T04:51:55: === GCTAEventList ===
2022-12-22T04:51:55:  Number of events ..........: 0 (disposed without possibility to recover)
2022-12-22T04:51:55:  Time interval .............: 51546.0833333333 - 51546.1666666667 days
2022-12-22T04:51:55:  Energy interval ...........: 0.1 - 10 TeV
2022-12-22T04:51:55:  Region of interest ........: RA=266.04, DEC=-26.98 [0,0] Radius=4 deg
2022-12-22T04:51:55: === GSkyRegions ===
2022-12-22T04:51:55:  Number of regions .........: 0
2022-12-22T04:51:55: 
2022-12-22T04:51:55:  CTA observation ...........: Name="None" ID="21"
2022-12-22T04:51:55: === GCTAObservation ===
2022-12-22T04:51:55:  Name ......................: None
2022-12-22T04:51:55:  Identifier ................: 21
2022-12-22T04:51:55:  Instrument ................: CTA
2022-12-22T04:51:55:  Event file ................: 
2022-12-22T04:51:55:  Event type ................: EventList
2022-12-22T04:51:55:  Statistic .................: cstat
2022-12-22T04:51:55:  Ontime ....................: 7200 s
2022-12-22T04:51:55:  Livetime ..................: 7056 s
2022-12-22T04:51:55:  Deadtime correction .......: 0.98
2022-12-22T04:51:55:  User energy range .........: undefined
2022-12-22T04:51:55: === GCTAPointing ===
2022-12-22T04:51:55:  Pointing direction ........: (RA,Dec)=(266.04,-26.98)
2022-12-22T04:51:55: === GCTAResponseIrf ===
2022-12-22T04:51:55:  Caldb mission .............: cta
2022-12-22T04:51:55:  Caldb instrument ..........: mult3_zd20_m2
2022-12-22T04:51:55:  Response name .............: South_50h
2022-12-22T04:51:55:  Energy dispersion .........: Not used
2022-12-22T04:51:55:  Safe energy range .........: undefined
2022-12-22T04:51:55: === GCTAEventList ===
2022-12-22T04:51:55:  Number of events ..........: 0 (disposed without possibility to recover)
2022-12-22T04:51:55:  Time interval .............: 51546.1666666667 - 51546.25 days
2022-12-22T04:51:55:  Energy interval ...........: 0.1 - 10 TeV
2022-12-22T04:51:55:  Region of interest ........: RA=266.04, DEC=-26.98 [0,0] Radius=4 deg
2022-12-22T04:51:55: === GSkyRegions ===
2022-12-22T04:51:55:  Number of regions .........: 0
2022-12-22T04:51:55: 
2022-12-22T04:51:55:  CTA observation ...........: Name="None" ID="22"
2022-12-22T04:51:55: === GCTAObservation ===
2022-12-22T04:51:55:  Name ......................: None
2022-12-22T04:51:55:  Identifier ................: 22
2022-12-22T04:51:55:  Instrument ................: CTA
2022-12-22T04:51:55:  Event file ................: 
2022-12-22T04:51:55:  Event type ................: EventList
2022-12-22T04:51:55:  Statistic .................: cstat
2022-12-22T04:51:55:  Ontime ....................: 7200 s
2022-12-22T04:51:55:  Livetime ..................: 7056 s
2022-12-22T04:51:55:  Deadtime correction .......: 0.98
2022-12-22T04:51:55:  User energy range .........: undefined
2022-12-22T04:51:55: === GCTAPointing ===
2022-12-22T04:51:55:  Pointing direction ........: (RA,Dec)=(266.04,-26.98)
2022-12-22T04:51:55: === GCTAResponseIrf ===
2022-12-22T04:51:55:  Caldb mission .............: cta
2022-12-22T04:51:55:  Caldb instrument ..........: mult3_zd20_m2
2022-12-22T04:51:55:  Response name .............: South_50h
2022-12-22T04:51:55:  Energy dispersion .........: Not used
2022-12-22T04:51:55:  Safe energy range .........: undefined
2022-12-22T04:51:55: === GCTAEventList ===
2022-12-22T04:51:55:  Number of events ..........: 0 (disposed without possibility to recover)
2022-12-22T04:51:55:  Time interval .............: 51546.25 - 51546.3333333333 days
2022-12-22T04:51:55:  Energy interval ...........: 0.1 - 10 TeV
2022-12-22T04:51:55:  Region of interest ........: RA=266.04, DEC=-26.98 [0,0] Radius=4 deg
2022-12-22T04:51:55: === GSkyRegions ===
2022-12-22T04:51:55:  Number of regions .........: 0
2022-12-22T04:51:55: 
2022-12-22T04:51:55:  CTA observation ...........: Name="None" ID="23"
2022-12-22T04:51:55: === GCTAObservation ===
2022-12-22T04:51:55:  Name ......................: None
2022-12-22T04:51:55:  Identifier ................: 23
2022-12-22T04:51:55:  Instrument ................: CTA
2022-12-22T04:51:55:  Event file ................: 
2022-12-22T04:51:55:  Event type ................: EventList
2022-12-22T04:51:55:  Statistic .................: cstat
2022-12-22T04:51:55:  Ontime ....................: 7200 s
2022-12-22T04:51:55:  Livetime ..................: 7056 s
2022-12-22T04:51:55:  Deadtime correction .......: 0.98
2022-12-22T04:51:55:  User energy range .........: undefined
2022-12-22T04:51:55: === GCTAPointing ===
2022-12-22T04:51:55:  Pointing direction ........: (RA,Dec)=(266.04,-26.98)
2022-12-22T04:51:55: === GCTAResponseIrf ===
2022-12-22T04:51:55:  Caldb mission .............: cta
2022-12-22T04:51:55:  Caldb instrument ..........: mult3_zd20_m2
2022-12-22T04:51:55:  Response name .............: South_50h
2022-12-22T04:51:55:  Energy dispersion .........: Not used
2022-12-22T04:51:55:  Safe energy range .........: undefined
2022-12-22T04:51:55: === GCTAEventList ===
2022-12-22T04:51:55:  Number of events ..........: 0 (disposed without possibility to recover)
2022-12-22T04:51:55:  Time interval .............: 51546.3333333333 - 51546.4166666667 days
2022-12-22T04:51:55:  Energy interval ...........: 0.1 - 10 TeV
2022-12-22T04:51:55:  Region of interest ........: RA=266.04, DEC=-26.98 [0,0] Radius=4 deg
2022-12-22T04:51:55: === GSkyRegions ===
2022-12-22T04:51:55:  Number of regions .........: 0
2022-12-22T04:51:55: 
2022-12-22T04:51:55:  CTA observation ...........: Name="None" ID="24"
2022-12-22T04:51:55: === GCTAObservation ===
2022-12-22T04:51:55:  Name ......................: None
2022-12-22T04:51:55:  Identifier ................: 24
2022-12-22T04:51:55:  Instrument ................: CTA
2022-12-22T04:51:55:  Event file ................: 
2022-12-22T04:51:55:  Event type ................: EventList
2022-12-22T04:51:55:  Statistic .................: cstat
2022-12-22T04:51:55:  Ontime ....................: 7200 s
2022-12-22T04:51:55:  Livetime ..................: 7056 s
2022-12-22T04:51:55:  Deadtime correction .......: 0.98
2022-12-22T04:51:55:  User energy range .........: undefined
2022-12-22T04:51:55: === GCTAPointing ===
2022-12-22T04:51:55:  Pointing direction ........: (RA,Dec)=(266.04,-26.98)
2022-12-22T04:51:55: === GCTAResponseIrf ===
2022-12-22T04:51:55:  Caldb mission .............: cta
2022-12-22T04:51:55:  Caldb instrument ..........: mult3_zd20_m2
2022-12-22T04:51:55:  Response name .............: South_50h
2022-12-22T04:51:55:  Energy dispersion .........: Not used
2022-12-22T04:51:55:  Safe energy range .........: undefined
2022-12-22T04:51:55: === GCTAEventList ===
2022-12-22T04:51:55:  Number of events ..........: 0 (disposed without possibility to recover)
2022-12-22T04:51:55:  Time interval .............: 51546.4166666667 - 51546.5 days
2022-12-22T04:51:55:  Energy interval ...........: 0.1 - 10 TeV
2022-12-22T04:51:55:  Region of interest ........: RA=266.04, DEC=-26.98 [0,0] Radius=4 deg
2022-12-22T04:51:55: === GSkyRegions ===
2022-12-22T04:51:55:  Number of regions .........: 0
2022-12-22T04:51:55: 
2022-12-22T04:51:55:  CTA observation ...........: Name="None" ID="25"
2022-12-22T04:51:55: === GCTAObservation ===
2022-12-22T04:51:55:  Name ......................: None
2022-12-22T04:51:55:  Identifier ................: 25
2022-12-22T04:51:55:  Instrument ................: CTA
2022-12-22T04:51:55:  Event file ................: 
2022-12-22T04:51:55:  Event type ................: EventList
2022-12-22T04:51:55:  Statistic .................: cstat
2022-12-22T04:51:55:  Ontime ....................: 7200 s
2022-12-22T04:51:55:  Livetime ..................: 7056 s
2022-12-22T04:51:55:  Deadtime correction .......: 0.98
2022-12-22T04:51:55:  User energy range .........: undefined
2022-12-22T04:51:55: === GCTAPointing ===
2022-12-22T04:51:55:  Pointing direction ........: (RA,Dec)=(266.04,-26.98)
2022-12-22T04:51:55: === GCTAResponseIrf ===
2022-12-22T04:51:55:  Caldb mission .............: cta
2022-12-22T04:51:55:  Caldb instrument ..........: mult3_zd20_m2
2022-12-22T04:51:55:  Response name .............: South_50h
2022-12-22T04:51:55:  Energy dispersion .........: Not used
2022-12-22T04:51:55:  Safe energy range .........: undefined
2022-12-22T04:51:55: === GCTAEventList ===
2022-12-22T04:51:55:  Number of events ..........: 0 (disposed without possibility to recover)
2022-12-22T04:51:55:  Time interval .............: 51546.5 - 51546.5833333333 days
2022-12-22T04:51:55:  Energy interval ...........: 0.1 - 10 TeV
2022-12-22T04:51:55:  Region of interest ........: RA=266.04, DEC=-26.98 [0,0] Radius=4 deg
2022-12-22T04:51:55: === GSkyRegions ===
2022-12-22T04:51:55:  Number of regions .........: 0
2022-12-22T04:51:55: 
2022-12-22T04:51:55:  CTA observation ...........: Name="None" ID="26"
2022-12-22T04:51:55: === GCTAObservation ===
2022-12-22T04:51:55:  Name ......................: None
2022-12-22T04:51:55:  Identifier ................: 26
2022-12-22T04:51:55:  Instrument ................: CTA
2022-12-22T04:51:55:  Event file ................: 
2022-12-22T04:51:55:  Event type ................: EventList
2022-12-22T04:51:55:  Statistic .................: cstat
2022-12-22T04:51:55:  Ontime ....................: 7200 s
2022-12-22T04:51:55:  Livetime ..................: 7056 s
2022-12-22T04:51:55:  Deadtime correction .......: 0.98
2022-12-22T04:51:55:  User energy range .........: undefined
2022-12-22T04:51:55: === GCTAPointing ===
2022-12-22T04:51:55:  Pointing direction ........: (RA,Dec)=(266.04,-26.98)
2022-12-22T04:51:55: === GCTAResponseIrf ===
2022-12-22T04:51:55:  Caldb mission .............: cta
2022-12-22T04:51:55:  Caldb instrument ..........: mult3_zd20_m2
2022-12-22T04:51:55:  Response name .............: South_50h
2022-12-22T04:51:55:  Energy dispersion .........: Not used
2022-12-22T04:51:55:  Safe energy range .........: undefined
2022-12-22T04:51:55: === GCTAEventList ===
2022-12-22T04:51:55:  Number of events ..........: 0 (disposed without possibility to recover)
2022-12-22T04:51:55:  Time interval .............: 51546.5833333333 - 51546.6666666667 days
2022-12-22T04:51:55:  Energy interval ...........: 0.1 - 10 TeV
2022-12-22T04:51:55:  Region of interest ........: RA=266.04, DEC=-26.98 [0,0] Radius=4 deg
2022-12-22T04:51:55: === GSkyRegions ===
2022-12-22T04:51:55:  Number of regions .........: 0
2022-12-22T04:51:55: 
2022-12-22T04:51:55:  CTA observation ...........: Name="None" ID="27"
2022-12-22T04:51:55: === GCTAObservation ===
2022-12-22T04:51:55:  Name ......................: None
2022-12-22T04:51:55:  Identifier ................: 27
2022-12-22T04:51:55:  Instrument ................: CTA
2022-12-22T04:51:55:  Event file ................: 
2022-12-22T04:51:55:  Event type ................: EventList
2022-12-22T04:51:55:  Statistic .................: cstat
2022-12-22T04:51:55:  Ontime ....................: 7200 s
2022-12-22T04:51:55:  Livetime ..................: 7056 s
2022-12-22T04:51:55:  Deadtime correction .......: 0.98
2022-12-22T04:51:55:  User energy range .........: undefined
2022-12-22T04:51:55: === GCTAPointing ===
2022-12-22T04:51:55:  Pointing direction ........: (RA,Dec)=(266.04,-26.98)
2022-12-22T04:51:55: === GCTAResponseIrf ===
2022-12-22T04:51:55:  Caldb mission .............: cta
2022-12-22T04:51:55:  Caldb instrument ..........: mult3_zd20_m2
2022-12-22T04:51:55:  Response name .............: South_50h
2022-12-22T04:51:55:  Energy dispersion .........: Not used
2022-12-22T04:51:55:  Safe energy range .........: undefined
2022-12-22T04:51:55: === GCTAEventList ===
2022-12-22T04:51:55:  Number of events ..........: 0 (disposed without possibility to recover)
2022-12-22T04:51:55:  Time interval .............: 51546.6666666667 - 51546.75 days
2022-12-22T04:51:55:  Energy interval ...........: 0.1 - 10 TeV
2022-12-22T04:51:55:  Region of interest ........: RA=266.04, DEC=-26.98 [0,0] Radius=4 deg
2022-12-22T04:51:55: === GSkyRegions ===
2022-12-22T04:51:55:  Number of regions .........: 0
2022-12-22T04:51:55: 
2022-12-22T04:51:55:  CTA observation ...........: Name="None" ID="28"
2022-12-22T04:51:55: === GCTAObservation ===
2022-12-22T04:51:55:  Name ......................: None
2022-12-22T04:51:55:  Identifier ................: 28
2022-12-22T04:51:55:  Instrument ................: CTA
2022-12-22T04:51:55:  Event file ................: 
2022-12-22T04:51:55:  Event type ................: EventList
2022-12-22T04:51:55:  Statistic .................: cstat
2022-12-22T04:51:55:  Ontime ....................: 7200 s
2022-12-22T04:51:55:  Livetime ..................: 7056 s
2022-12-22T04:51:55:  Deadtime correction .......: 0.98
2022-12-22T04:51:55:  User energy range .........: undefined
2022-12-22T04:51:55: === GCTAPointing ===
2022-12-22T04:51:55:  Pointing direction ........: (RA,Dec)=(266.04,-26.98)
2022-12-22T04:51:55: === GCTAResponseIrf ===
2022-12-22T04:51:55:  Caldb mission .............: cta
2022-12-22T04:51:55:  Caldb instrument ..........: mult3_zd20_m2
2022-12-22T04:51:55:  Response name .............: South_50h
2022-12-22T04:51:55:  Energy dispersion .........: Not used
2022-12-22T04:51:55:  Safe energy range .........: undefined
2022-12-22T04:51:55: === GCTAEventList ===
2022-12-22T04:51:55:  Number of events ..........: 0 (disposed without possibility to recover)
2022-12-22T04:51:55:  Time interval .............: 51546.75 - 51546.8333333333 days
2022-12-22T04:51:55:  Energy interval ...........: 0.1 - 10 TeV
2022-12-22T04:51:55:  Region of interest ........: RA=266.04, DEC=-26.98 [0,0] Radius=4 deg
2022-12-22T04:51:55: === GSkyRegions ===
2022-12-22T04:51:55:  Number of regions .........: 0
2022-12-22T04:51:55: 
2022-12-22T04:51:55:  CTA observation ...........: Name="None" ID="29"
2022-12-22T04:51:55: === GCTAObservation ===
2022-12-22T04:51:55:  Name ......................: None
2022-12-22T04:51:55:  Identifier ................: 29
2022-12-22T04:51:55:  Instrument ................: CTA
2022-12-22T04:51:55:  Event file ................: 
2022-12-22T04:51:55:  Event type ................: EventList
2022-12-22T04:51:55:  Statistic .................: cstat
2022-12-22T04:51:55:  Ontime ....................: 7200 s
2022-12-22T04:51:55:  Livetime ..................: 7056 s
2022-12-22T04:51:55:  Deadtime correction .......: 0.98
2022-12-22T04:51:55:  User energy range .........: undefined
2022-12-22T04:51:55: === GCTAPointing ===
2022-12-22T04:51:55:  Pointing direction ........: (RA,Dec)=(266.04,-26.98)
2022-12-22T04:51:55: === GCTAResponseIrf ===
2022-12-22T04:51:55:  Caldb mission .............: cta
2022-12-22T04:51:55:  Caldb instrument ..........: mult3_zd20_m2
2022-12-22T04:51:55:  Response name .............: South_50h
2022-12-22T04:51:55:  Energy dispersion .........: Not used
2022-12-22T04:51:55:  Safe energy range .........: undefined
2022-12-22T04:51:55: === GCTAEventList ===
2022-12-22T04:51:55:  Number of events ..........: 0 (disposed without possibility to recover)
2022-12-22T04:51:55:  Time interval .............: 51546.8333333333 - 51546.9166666667 days
2022-12-22T04:51:55:  Energy interval ...........: 0.1 - 10 TeV
2022-12-22T04:51:55:  Region of interest ........: RA=266.04, DEC=-26.98 [0,0] Radius=4 deg
2022-12-22T04:51:55: === GSkyRegions ===
2022-12-22T04:51:55:  Number of regions .........: 0
2022-12-22T04:51:55: 
2022-12-22T04:51:55:  CTA observation ...........: Name="None" ID="30"
2022-12-22T04:51:55: === GCTAObservation ===
2022-12-22T04:51:55:  Name ......................: None
2022-12-22T04:51:55:  Identifier ................: 30
2022-12-22T04:51:55:  Instrument ................: CTA
2022-12-22T04:51:55:  Event file ................: 
2022-12-22T04:51:55:  Event type ................: EventList
2022-12-22T04:51:55:  Statistic .................: cstat
2022-12-22T04:51:55:  Ontime ....................: 7200 s
2022-12-22T04:51:55:  Livetime ..................: 7056 s
2022-12-22T04:51:55:  Deadtime correction .......: 0.98
2022-12-22T04:51:55:  User energy range .........: undefined
2022-12-22T04:51:55: === GCTAPointing ===
2022-12-22T04:51:55:  Pointing direction ........: (RA,Dec)=(266.04,-26.98)
2022-12-22T04:51:55: === GCTAResponseIrf ===
2022-12-22T04:51:55:  Caldb mission .............: cta
2022-12-22T04:51:55:  Caldb instrument ..........: mult3_zd20_m2
2022-12-22T04:51:55:  Response name .............: South_50h
2022-12-22T04:51:55:  Energy dispersion .........: Not used
2022-12-22T04:51:55:  Safe energy range .........: undefined
2022-12-22T04:51:55: === GCTAEventList ===
2022-12-22T04:51:55:  Number of events ..........: 0 (disposed without possibility to recover)
2022-12-22T04:51:55:  Time interval .............: 51546.9166666667 - 51547 days
2022-12-22T04:51:55:  Energy interval ...........: 0.1 - 10 TeV
2022-12-22T04:51:55:  Region of interest ........: RA=266.04, DEC=-26.98 [0,0] Radius=4 deg
2022-12-22T04:51:55: === GSkyRegions ===
2022-12-22T04:51:55:  Number of regions .........: 0
2022-12-22T04:51:55: 
2022-12-22T04:51:55:  CTA observation ...........: Name="None" ID="31"
2022-12-22T04:51:55: === GCTAObservation ===
2022-12-22T04:51:55:  Name ......................: None
2022-12-22T04:51:55:  Identifier ................: 31
2022-12-22T04:51:55:  Instrument ................: CTA
2022-12-22T04:51:55:  Event file ................: 
2022-12-22T04:51:55:  Event type ................: EventList
2022-12-22T04:51:55:  Statistic .................: cstat
2022-12-22T04:51:55:  Ontime ....................: 7200 s
2022-12-22T04:51:55:  Livetime ..................: 7056 s
2022-12-22T04:51:55:  Deadtime correction .......: 0.98
2022-12-22T04:51:55:  User energy range .........: undefined
2022-12-22T04:51:55: === GCTAPointing ===
2022-12-22T04:51:55:  Pointing direction ........: (RA,Dec)=(266.04,-26.98)
2022-12-22T04:51:55: === GCTAResponseIrf ===
2022-12-22T04:51:55:  Caldb mission .............: cta
2022-12-22T04:51:55:  Caldb instrument ..........: mult3_zd20_m2
2022-12-22T04:51:55:  Response name .............: South_50h
2022-12-22T04:51:55:  Energy dispersion .........: Not used
2022-12-22T04:51:55:  Safe energy range .........: undefined
2022-12-22T04:51:55: === GCTAEventList ===
2022-12-22T04:51:55:  Number of events ..........: 0 (disposed without possibility to recover)
2022-12-22T04:51:55:  Time interval .............: 51547 - 51547.0833333333 days
2022-12-22T04:51:55:  Energy interval ...........: 0.1 - 10 TeV
2022-12-22T04:51:55:  Region of interest ........: RA=266.04, DEC=-26.98 [0,0] Radius=4 deg
2022-12-22T04:51:55: === GSkyRegions ===
2022-12-22T04:51:55:  Number of regions .........: 0
2022-12-22T04:51:55: 
2022-12-22T04:51:55:  CTA observation ...........: Name="None" ID="32"
2022-12-22T04:51:55: === GCTAObservation ===
2022-12-22T04:51:55:  Name ......................: None
2022-12-22T04:51:55:  Identifier ................: 32
2022-12-22T04:51:55:  Instrument ................: CTA
2022-12-22T04:51:55:  Event file ................: 
2022-12-22T04:51:55:  Event type ................: EventList
2022-12-22T04:51:55:  Statistic .................: cstat
2022-12-22T04:51:55:  Ontime ....................: 7200 s
2022-12-22T04:51:55:  Livetime ..................: 7056 s
2022-12-22T04:51:55:  Deadtime correction .......: 0.98
2022-12-22T04:51:55:  User energy range .........: undefined
2022-12-22T04:51:55: === GCTAPointing ===
2022-12-22T04:51:55:  Pointing direction ........: (RA,Dec)=(266.04,-26.98)
2022-12-22T04:51:55: === GCTAResponseIrf ===
2022-12-22T04:51:55:  Caldb mission .............: cta
2022-12-22T04:51:55:  Caldb instrument ..........: mult3_zd20_m2
2022-12-22T04:51:55:  Response name .............: South_50h
2022-12-22T04:51:55:  Energy dispersion .........: Not used
2022-12-22T04:51:55:  Safe energy range .........: undefined
2022-12-22T04:51:55: === GCTAEventList ===
2022-12-22T04:51:55:  Number of events ..........: 0 (disposed without possibility to recover)
2022-12-22T04:51:55:  Time interval .............: 51547.0833333333 - 51547.1666666667 days
2022-12-22T04:51:55:  Energy interval ...........: 0.1 - 10 TeV
2022-12-22T04:51:55:  Region of interest ........: RA=266.04, DEC=-26.98 [0,0] Radius=4 deg
2022-12-22T04:51:55: === GSkyRegions ===
2022-12-22T04:51:55:  Number of regions .........: 0
2022-12-22T04:51:55: 
2022-12-22T04:51:55:  CTA observation ...........: Name="None" ID="33"
2022-12-22T04:51:55: === GCTAObservation ===
2022-12-22T04:51:55:  Name ......................: None
2022-12-22T04:51:55:  Identifier ................: 33
2022-12-22T04:51:55:  Instrument ................: CTA
2022-12-22T04:51:55:  Event file ................: 
2022-12-22T04:51:55:  Event type ................: EventList
2022-12-22T04:51:55:  Statistic .................: cstat
2022-12-22T04:51:55:  Ontime ....................: 7200 s
2022-12-22T04:51:55:  Livetime ..................: 7056 s
2022-12-22T04:51:55:  Deadtime correction .......: 0.98
2022-12-22T04:51:55:  User energy range .........: undefined
2022-12-22T04:51:55: === GCTAPointing ===
2022-12-22T04:51:55:  Pointing direction ........: (RA,Dec)=(266.04,-26.98)
2022-12-22T04:51:55: === GCTAResponseIrf ===
2022-12-22T04:51:55:  Caldb mission .............: cta
2022-12-22T04:51:55:  Caldb instrument ..........: mult3_zd20_m2
2022-12-22T04:51:55:  Response name .............: South_50h
2022-12-22T04:51:55:  Energy dispersion .........: Not used
2022-12-22T04:51:55:  Safe energy range .........: undefined
2022-12-22T04:51:55: === GCTAEventList ===
2022-12-22T04:51:55:  Number of events ..........: 0 (disposed without possibility to recover)
2022-12-22T04:51:55:  Time interval .............: 51547.1666666667 - 51547.25 days
2022-12-22T04:51:55:  Energy interval ...........: 0.1 - 10 TeV
2022-12-22T04:51:55:  Region of interest ........: RA=266.04, DEC=-26.98 [0,0] Radius=4 deg
2022-12-22T04:51:55: === GSkyRegions ===
2022-12-22T04:51:55:  Number of regions .........: 0
2022-12-22T04:51:55: 
2022-12-22T04:51:55:  CTA observation ...........: Name="None" ID="34"
2022-12-22T04:51:55: === GCTAObservation ===
2022-12-22T04:51:55:  Name ......................: None
2022-12-22T04:51:55:  Identifier ................: 34
2022-12-22T04:51:55:  Instrument ................: CTA
2022-12-22T04:51:55:  Event file ................: 
2022-12-22T04:51:55:  Event type ................: EventList
2022-12-22T04:51:55:  Statistic .................: cstat
2022-12-22T04:51:55:  Ontime ....................: 7200 s
2022-12-22T04:51:55:  Livetime ..................: 7056 s
2022-12-22T04:51:55:  Deadtime correction .......: 0.98
2022-12-22T04:51:55:  User energy range .........: undefined
2022-12-22T04:51:55: === GCTAPointing ===
2022-12-22T04:51:55:  Pointing direction ........: (RA,Dec)=(266.04,-26.98)
2022-12-22T04:51:55: === GCTAResponseIrf ===
2022-12-22T04:51:55:  Caldb mission .............: cta
2022-12-22T04:51:55:  Caldb instrument ..........: mult3_zd20_m2
2022-12-22T04:51:55:  Response name .............: South_50h
2022-12-22T04:51:55:  Energy dispersion .........: Not used
2022-12-22T04:51:55:  Safe energy range .........: undefined
2022-12-22T04:51:55: === GCTAEventList ===
2022-12-22T04:51:55:  Number of events ..........: 0 (disposed without possibility to recover)
2022-12-22T04:51:55:  Time interval .............: 51547.25 - 51547.3333333333 days
2022-12-22T04:51:55:  Energy interval ...........: 0.1 - 10 TeV
2022-12-22T04:51:55:  Region of interest ........: RA=266.04, DEC=-26.98 [0,0] Radius=4 deg
2022-12-22T04:51:55: === GSkyRegions ===
2022-12-22T04:51:55:  Number of regions .........: 0
2022-12-22T04:51:55: 
2022-12-22T04:51:55:  CTA observation ...........: Name="None" ID="35"
2022-12-22T04:51:55: === GCTAObservation ===
2022-12-22T04:51:55:  Name ......................: None
2022-12-22T04:51:55:  Identifier ................: 35
2022-12-22T04:51:55:  Instrument ................: CTA
2022-12-22T04:51:55:  Event file ................: 
2022-12-22T04:51:55:  Event type ................: EventList
2022-12-22T04:51:55:  Statistic .................: cstat
2022-12-22T04:51:55:  Ontime ....................: 7200 s
2022-12-22T04:51:55:  Livetime ..................: 7056 s
2022-12-22T04:51:55:  Deadtime correction .......: 0.98
2022-12-22T04:51:55:  User energy range .........: undefined
2022-12-22T04:51:55: === GCTAPointing ===
2022-12-22T04:51:55:  Pointing direction ........: (RA,Dec)=(266.04,-26.98)
2022-12-22T04:51:55: === GCTAResponseIrf ===
2022-12-22T04:51:55:  Caldb mission .............: cta
2022-12-22T04:51:55:  Caldb instrument ..........: mult3_zd20_m2
2022-12-22T04:51:55:  Response name .............: South_50h
2022-12-22T04:51:55:  Energy dispersion .........: Not used
2022-12-22T04:51:55:  Safe energy range .........: undefined
2022-12-22T04:51:55: === GCTAEventList ===
2022-12-22T04:51:55:  Number of events ..........: 0 (disposed without possibility to recover)
2022-12-22T04:51:55:  Time interval .............: 51547.3333333333 - 51547.4166666667 days
2022-12-22T04:51:55:  Energy interval ...........: 0.1 - 10 TeV
2022-12-22T04:51:55:  Region of interest ........: RA=266.04, DEC=-26.98 [0,0] Radius=4 deg
2022-12-22T04:51:55: === GSkyRegions ===
2022-12-22T04:51:55:  Number of regions .........: 0
2022-12-22T04:51:55: 
2022-12-22T04:51:55:  CTA observation ...........: Name="None" ID="36"
2022-12-22T04:51:55: === GCTAObservation ===
2022-12-22T04:51:55:  Name ......................: None
2022-12-22T04:51:55:  Identifier ................: 36
2022-12-22T04:51:55:  Instrument ................: CTA
2022-12-22T04:51:55:  Event file ................: 
2022-12-22T04:51:55:  Event type ................: EventList
2022-12-22T04:51:55:  Statistic .................: cstat
2022-12-22T04:51:55:  Ontime ....................: 7200 s
2022-12-22T04:51:55:  Livetime ..................: 7056 s
2022-12-22T04:51:55:  Deadtime correction .......: 0.98
2022-12-22T04:51:55:  User energy range .........: undefined
2022-12-22T04:51:55: === GCTAPointing ===
2022-12-22T04:51:55:  Pointing direction ........: (RA,Dec)=(266.04,-26.98)
2022-12-22T04:51:55: === GCTAResponseIrf ===
2022-12-22T04:51:55:  Caldb mission .............: cta
2022-12-22T04:51:55:  Caldb instrument ..........: mult3_zd20_m2
2022-12-22T04:51:55:  Response name .............: South_50h
2022-12-22T04:51:55:  Energy dispersion .........: Not used
2022-12-22T04:51:55:  Safe energy range .........: undefined
2022-12-22T04:51:55: === GCTAEventList ===
2022-12-22T04:51:55:  Number of events ..........: 0 (disposed without possibility to recover)
2022-12-22T04:51:55:  Time interval .............: 51547.4166666667 - 51547.5 days
2022-12-22T04:51:55:  Energy interval ...........: 0.1 - 10 TeV
2022-12-22T04:51:55:  Region of interest ........: RA=266.04, DEC=-26.98 [0,0] Radius=4 deg
2022-12-22T04:51:55: === GSkyRegions ===
2022-12-22T04:51:55:  Number of regions .........: 0
2022-12-22T04:51:55: 
2022-12-22T04:51:55:  CTA observation ...........: Name="None" ID="37"
2022-12-22T04:51:55: === GCTAObservation ===
2022-12-22T04:51:55:  Name ......................: None
2022-12-22T04:51:55:  Identifier ................: 37
2022-12-22T04:51:55:  Instrument ................: CTA
2022-12-22T04:51:55:  Event file ................: 
2022-12-22T04:51:55:  Event type ................: EventList
2022-12-22T04:51:55:  Statistic .................: cstat
2022-12-22T04:51:55:  Ontime ....................: 7200 s
2022-12-22T04:51:55:  Livetime ..................: 7056 s
2022-12-22T04:51:55:  Deadtime correction .......: 0.98
2022-12-22T04:51:55:  User energy range .........: undefined
2022-12-22T04:51:55: === GCTAPointing ===
2022-12-22T04:51:55:  Pointing direction ........: (RA,Dec)=(266.04,-26.98)
2022-12-22T04:51:55: === GCTAResponseIrf ===
2022-12-22T04:51:55:  Caldb mission .............: cta
2022-12-22T04:51:55:  Caldb instrument ..........: mult3_zd20_m2
2022-12-22T04:51:55:  Response name .............: South_50h
2022-12-22T04:51:55:  Energy dispersion .........: Not used
2022-12-22T04:51:55:  Safe energy range .........: undefined
2022-12-22T04:51:55: === GCTAEventList ===
2022-12-22T04:51:55:  Number of events ..........: 0 (disposed without possibility to recover)
2022-12-22T04:51:55:  Time interval .............: 51547.5 - 51547.5833333333 days
2022-12-22T04:51:55:  Energy interval ...........: 0.1 - 10 TeV
2022-12-22T04:51:55:  Region of interest ........: RA=266.04, DEC=-26.98 [0,0] Radius=4 deg
2022-12-22T04:51:55: === GSkyRegions ===
2022-12-22T04:51:55:  Number of regions .........: 0
2022-12-22T04:51:55: 
2022-12-22T04:51:55:  CTA observation ...........: Name="None" ID="38"
2022-12-22T04:51:55: === GCTAObservation ===
2022-12-22T04:51:55:  Name ......................: None
2022-12-22T04:51:55:  Identifier ................: 38
2022-12-22T04:51:55:  Instrument ................: CTA
2022-12-22T04:51:55:  Event file ................: 
2022-12-22T04:51:55:  Event type ................: EventList
2022-12-22T04:51:55:  Statistic .................: cstat
2022-12-22T04:51:55:  Ontime ....................: 7200 s
2022-12-22T04:51:55:  Livetime ..................: 7056 s
2022-12-22T04:51:55:  Deadtime correction .......: 0.98
2022-12-22T04:51:55:  User energy range .........: undefined
2022-12-22T04:51:55: === GCTAPointing ===
2022-12-22T04:51:55:  Pointing direction ........: (RA,Dec)=(266.04,-26.98)
2022-12-22T04:51:55: === GCTAResponseIrf ===
2022-12-22T04:51:55:  Caldb mission .............: cta
2022-12-22T04:51:55:  Caldb instrument ..........: mult3_zd20_m2
2022-12-22T04:51:55:  Response name .............: South_50h
2022-12-22T04:51:55:  Energy dispersion .........: Not used
2022-12-22T04:51:55:  Safe energy range .........: undefined
2022-12-22T04:51:55: === GCTAEventList ===
2022-12-22T04:51:55:  Number of events ..........: 0 (disposed without possibility to recover)
2022-12-22T04:51:55:  Time interval .............: 51547.5833333333 - 51547.6666666667 days
2022-12-22T04:51:55:  Energy interval ...........: 0.1 - 10 TeV
2022-12-22T04:51:55:  Region of interest ........: RA=266.04, DEC=-26.98 [0,0] Radius=4 deg
2022-12-22T04:51:55: === GSkyRegions ===
2022-12-22T04:51:55:  Number of regions .........: 0
2022-12-22T04:51:55: 
2022-12-22T04:51:55: 
2022-12-22T04:51:55: +======================================+
2022-12-22T04:51:55: | Save observation definition XML file |
2022-12-22T04:51:55: +======================================+
2022-12-22T04:51:55:  Observation XML file ......: obsdef.xml
2022-12-22T04:51:55: 
2022-12-22T04:51:55: Application "csobsdef" terminated after 1 wall clock seconds, consuming 0.665138 seconds of CPU time and generating a carbon footprint of 0.0026918 g eCO2.
