2022-12-22T05:01:18: ********************************************************************************
2022-12-22T05:01:18: *                                    ctlike                                    *
2022-12-22T05:01:18: * ---------------------------------------------------------------------------- *
2022-12-22T05:01:18: * Version: 2.0.0                                                               *
2022-12-22T05:01:18: ********************************************************************************
2022-12-22T05:01:18: +============+
2022-12-22T05:01:18: | Parameters |
2022-12-22T05:01:18: +============+
2022-12-22T05:01:18:  inobs .....................: cntcube_emin=0.10_emax=10.00_side=3.00.fits
2022-12-22T05:01:18:  inmodel ...................: emin=0.10_emax=10.00_side=3.00_models_extend_source_tscalc.xml
2022-12-22T05:01:18:  expcube ...................: expcube_emin=0.10_emax=10.00_side=3.00.fits
2022-12-22T05:01:18:  psfcube ...................: psfcube_emin=0.10_emax=10.00_side=3.00.fits
2022-12-22T05:01:18:  edispcube .................: [not queried]
2022-12-22T05:01:18:  bkgcube ...................: bkgcube_emin=0.10_emax=10.00_side=3.00.fits
2022-12-22T05:01:18:  caldb .....................: [not queried]
2022-12-22T05:01:18:  irf .......................: [not queried]
2022-12-22T05:01:18:  edisp .....................: no
2022-12-22T05:01:18:  outmodel ..................: emin=0.10_emax=10.00_side=3.00_models_extend_source_tscalc_results.xml
2022-12-22T05:01:18:  outcovmat .................: NONE
2022-12-22T05:01:18:  statistic .................: DEFAULT
2022-12-22T05:01:18:  refit .....................: no
2022-12-22T05:01:18:  refit_if_failed ...........: yes
2022-12-22T05:01:18:  like_accuracy .............: 0.005
2022-12-22T05:01:18:  accept_dec ................: 0.0
2022-12-22T05:01:18:  max_iter ..................: 50
2022-12-22T05:01:18:  fix_spat_for_ts ...........: no
2022-12-22T05:01:18:  nthreads ..................: 0
2022-12-22T05:01:18:  chatter ...................: 4
2022-12-22T05:01:18:  clobber ...................: yes
2022-12-22T05:01:18:  debug .....................: yes
2022-12-22T05:01:18:  mode ......................: ql
2022-12-22T05:01:18:  logfile ...................: ctlike_emin=0.10_emax=10.00_side=3.00_extend_source.log
2022-12-22T05:01:18: 
2022-12-22T05:01:18: WARNING: Energy dispersion will *NOT* be considered for the computation. To consider
2022-12-22T05:01:18:          energy dispersion, please set the "edisp" parameter to "yes". Be aware that
2022-12-22T05:01:18:          using energy dispersion will considerably slow down the computations.
2022-12-22T05:01:18: 
2022-12-22T05:01:18: +===================+
2022-12-22T05:01:18: | Input observation |
2022-12-22T05:01:18: +===================+
2022-12-22T05:01:18: === GObservations ===
2022-12-22T05:01:18:  Number of observations ....: 1
2022-12-22T05:01:18:  Number of models ..........: 2
2022-12-22T05:01:18:  Number of observed events .: 2991659
2022-12-22T05:01:18:  Number of predicted events : 0
2022-12-22T05:01:18: === GCTAObservation ===
2022-12-22T05:01:18:  Name ......................: 
2022-12-22T05:01:18:  Identifier ................: 
2022-12-22T05:01:18:  Instrument ................: CTA
2022-12-22T05:01:18:  Event file ................: cntcube_emin=0.10_emax=10.00_side=3.00.fits
2022-12-22T05:01:18:  Event type ................: CountsCube
2022-12-22T05:01:18:  Statistic .................: cstat
2022-12-22T05:01:18:  Ontime ....................: 273600 s
2022-12-22T05:01:18:  Livetime ..................: 268128 s
2022-12-22T05:01:18:  Deadtime correction .......: 0.98
2022-12-22T05:01:18:  User energy range .........: undefined
2022-12-22T05:01:18: === GCTAPointing ===
2022-12-22T05:01:18:  Pointing direction ........: (RA,Dec)=(266.85998535,-28.295)
2022-12-22T05:01:18: === GCTAResponseCube ===
2022-12-22T05:01:18:  Energy dispersion .........: Not used
2022-12-22T05:01:18: === GCTACubeExposure ===
2022-12-22T05:01:18:  Filename ..................: expcube_emin=0.10_emax=10.00_side=3.00.fits
2022-12-22T05:01:18:  Livetime ..................: 268128 sec
2022-12-22T05:01:18: === GEnergies ===
2022-12-22T05:01:18:  Number of energies ........: 51
2022-12-22T05:01:18: === GGti ===
2022-12-22T05:01:18:  Number of intervals .......: 38
2022-12-22T05:01:18:  Ontime ....................: 273600 sec
2022-12-22T05:01:18:  Elapsed time ..............: 273600 sec
2022-12-22T05:01:18:  MJD range .................: 51544.5 - 51547.6666666667 s (TT)
2022-12-22T05:01:18:  UTC range .................: 2000-01-01T11:58:56 - 2000-01-04T15:58:56 s (TT)
2022-12-22T05:01:18:  Reference MJD .............: 51544.5
2022-12-22T05:01:18: === GSkyMap ===
2022-12-22T05:01:18:  Number of pixels ..........: 22500
2022-12-22T05:01:18:  X axis dimension ..........: 150
2022-12-22T05:01:18:  Y axis dimension ..........: 150
2022-12-22T05:01:18:  Number of maps ............: 51
2022-12-22T05:01:18:  Shape of maps .............: (51)
2022-12-22T05:01:18: === GCTACubePsf ===
2022-12-22T05:01:18:  Filename ..................: psfcube_emin=0.10_emax=10.00_side=3.00.fits
2022-12-22T05:01:18: === GEnergies ===
2022-12-22T05:01:18:  Number of energies ........: 51
2022-12-22T05:01:18:  Number of delta bins ......: 200
2022-12-22T05:01:18:  Delta range ...............: 1.875e-06 - 0.298501875 deg
2022-12-22T05:01:18: === GSkyMap ===
2022-12-22T05:01:18:  Number of pixels ..........: 100
2022-12-22T05:01:18:  X axis dimension ..........: 10
2022-12-22T05:01:18:  Y axis dimension ..........: 10
2022-12-22T05:01:18:  Number of maps ............: 10200
2022-12-22T05:01:18:  Shape of maps .............: (200, 51)
2022-12-22T05:01:18: === GCTACubeBackground ===
2022-12-22T05:01:18:  Filename ..................: bkgcube_emin=0.10_emax=10.00_side=3.00.fits
2022-12-22T05:01:18: === GEbounds ===
2022-12-22T05:01:18:  Number of intervals .......: 50
2022-12-22T05:01:18:  Energy range ..............: 100 GeV - 10 TeV
2022-12-22T05:01:18: === GSkyMap ===
2022-12-22T05:01:18:  Number of pixels ..........: 22500
2022-12-22T05:01:18:  X axis dimension ..........: 150
2022-12-22T05:01:18:  Y axis dimension ..........: 150
2022-12-22T05:01:18:  Number of maps ............: 50
2022-12-22T05:01:18:  Shape of maps .............: (50)
2022-12-22T05:01:18: === GResponseCache ===
2022-12-22T05:01:18:  Number of cached values ...: 0
2022-12-22T05:01:18: === GCTAEventCube ===
2022-12-22T05:01:18:  Number of events ..........: 2991659
2022-12-22T05:01:18:  Number of elements ........: 1125000
2022-12-22T05:01:18:  Number of pixels ..........: 22500
2022-12-22T05:01:18:  Number of energy bins .....: 50
2022-12-22T05:01:18:  Time interval .............: 51544.5 - 51547.6666666667 days
2022-12-22T05:01:18:  Pointing ..................: (RA,Dec)=(266.85998535,-28.295)
2022-12-22T05:01:18: === GEbounds ===
2022-12-22T05:01:18:  Number of intervals .......: 50
2022-12-22T05:01:18:  Energy range ..............: 100 GeV - 10 TeV
2022-12-22T05:01:18: === GSkyMap ===
2022-12-22T05:01:18:  Number of pixels ..........: 22500
2022-12-22T05:01:18:  X axis dimension ..........: 150
2022-12-22T05:01:18:  Y axis dimension ..........: 150
2022-12-22T05:01:18:  Number of maps ............: 50
2022-12-22T05:01:18:  Shape of maps .............: (50)
2022-12-22T05:01:18: === GSkyRegions ===
2022-12-22T05:01:18:  Number of regions .........: 0
2022-12-22T05:01:18: === GModels ===
2022-12-22T05:01:18:  Number of models ..........: 2
2022-12-22T05:01:18:  Number of parameters ......: 11
2022-12-22T05:01:18: === GModelSky ===
2022-12-22T05:01:18:  Name ......................: pwn_0
2022-12-22T05:01:18:  Instruments ...............: all
2022-12-22T05:01:18:  Observation identifiers ...: all
2022-12-22T05:01:18:  Model type ................: ExtendedSource
2022-12-22T05:01:18:  Model components ..........: "RadialGaussian" * "PowerLaw" * "Constant"
2022-12-22T05:01:18:  Number of parameters ......: 7
2022-12-22T05:01:18:  Number of spatial par's ...: 3
2022-12-22T05:01:18:   GLON .....................: 0 [-360,360] deg (fixed,scale=1,gradient)
2022-12-22T05:01:18:   GLAT .....................: 0 [-90,90] deg (fixed,scale=1,gradient)
2022-12-22T05:01:18:   Sigma ....................: 0.001 +/- 0 [0.001,10] deg (free,scale=1,gradient)
2022-12-22T05:01:18:  Number of spectral par's ..: 3
2022-12-22T05:01:18:   Prefactor ................: 5.7e-18 +/- 0 [1e-23,1e-13] ph/cm2/s/MeV (free,scale=1e-16,gradient)
2022-12-22T05:01:18:   Index ....................: -2.48 [-5,-0]  (fixed,scale=-1,gradient)
2022-12-22T05:01:18:   PivotEnergy ..............: 300000 [10000,1000000000] MeV (fixed,scale=1000000,gradient)
2022-12-22T05:01:18:  Number of temporal par's ..: 1
2022-12-22T05:01:18:   Normalization ............: 1 (relative value) (fixed,scale=1,gradient)
2022-12-22T05:01:18:  Number of scale par's .....: 0
2022-12-22T05:01:18: === GCTAModelCubeBackground ===
2022-12-22T05:01:18:  Name ......................: BackgroundModel
2022-12-22T05:01:18:  Instruments ...............: CTA, HESS, MAGIC, VERITAS, ASTRI
2022-12-22T05:01:18:  Observation identifiers ...: all
2022-12-22T05:01:18:  Model type ................: "PowerLaw" * "Constant"
2022-12-22T05:01:18:  Number of parameters ......: 4
2022-12-22T05:01:18:  Number of spectral par's ..: 3
2022-12-22T05:01:18:   Prefactor ................: 1 [0.01,100] ph/cm2/s/MeV (fixed,scale=1,gradient)
2022-12-22T05:01:18:   Index ....................: 0 [-5,5]  (fixed,scale=1,gradient)
2022-12-22T05:01:18:   PivotEnergy ..............: 1000000 MeV (fixed,scale=1000000,gradient)
2022-12-22T05:01:18:  Number of temporal par's ..: 1
2022-12-22T05:01:18:   Normalization ............: 1 (relative value) (fixed,scale=1,gradient)
2022-12-22T05:01:18: 
2022-12-22T05:01:18: +=================================+
2022-12-22T05:01:18: | Maximum likelihood optimisation |
2022-12-22T05:01:18: +=================================+
2022-12-22T05:01:20:  >Iteration   0: -logL=-3640350.950, Lambda=1.0e-03
2022-12-22T05:01:25:   Iteration   1: -logL=-3640350.950, Lambda=1.0e-03, delta=-902.146, step=1.0e+00, max(|grad|)=7882.804495 [Prefactor:3] (stalled)
2022-12-22T05:01:28:   Iteration   2: -logL=-3640350.950, Lambda=1.0e-02, delta=-259.378, step=1.0e+00, max(|grad|)=7313.272601 [Prefactor:3] (stalled)
2022-12-22T05:01:30:  >Iteration   3: -logL=-3640371.465, Lambda=1.0e-01, delta=20.515, step=1.0e+00, max(|grad|)=-4287.097098 [Sigma:2]
2022-12-22T05:01:33:  >Iteration   4: -logL=-3640398.846, Lambda=1.0e-02, delta=27.381, step=1.0e+00, max(|grad|)=-886.531391 [Prefactor:3]
2022-12-22T05:01:35:  >Iteration   5: -logL=-3640399.798, Lambda=1.0e-03, delta=0.952, step=1.0e+00, max(|grad|)=-18.411663 [Prefactor:3]
2022-12-22T05:01:37:  >Iteration   6: -logL=-3640399.799, Lambda=1.0e-04, delta=0.000, step=1.0e+00, max(|grad|)=0.021415 [Prefactor:3]
2022-12-22T05:01:37:   Refit requested ...........: Difference -1310.487 between number of observed events 2991659.000 and predicted events 2992969.487 is larger than +/- 1.0e-5 times the number of observed events (-0.000438047032719935).
2022-12-22T05:01:37: 
2022-12-22T05:01:37: +====================================+
2022-12-22T05:01:37: | Maximum likelihood re-optimisation |
2022-12-22T05:01:37: +====================================+
2022-12-22T05:01:39:  >Iteration   0: -logL=-3640399.799, Lambda=1.0e-03
2022-12-22T05:01:42:   Iteration   1: -logL=-3640399.799, Lambda=1.0e-03, delta=-0.000, step=1.0e+00, max(|grad|)=0.000282 [Prefactor:3] (stalled)
2022-12-22T05:01:44:   Iteration   2: -logL=-3640399.799, Lambda=1.0e-02, delta=-0.000, step=1.0e+00, max(|grad|)=0.000523 [Prefactor:3] (stalled)
2022-12-22T05:01:46:   Iteration   3: -logL=-3640399.799, Lambda=1.0e-01, delta=-0.000, step=1.0e+00, max(|grad|)=0.002639 [Prefactor:3] (stalled)
2022-12-22T05:01:48:   Iteration   4: -logL=-3640399.799, Lambda=1.0e+00, delta=-0.000, step=1.0e+00, max(|grad|)=0.011876 [Prefactor:3] (stalled)
2022-12-22T05:01:50:  >Iteration   5: -logL=-3640399.799, Lambda=1.0e+01, delta=0.000, step=1.0e+00, max(|grad|)=0.019745 [Prefactor:3]
2022-12-22T05:01:50:  
2022-12-22T05:01:50:  +==================+
2022-12-22T05:01:50:  | Curvature matrix |
2022-12-22T05:01:50:  +==================+
2022-12-22T05:01:50:  === GMatrixSparse ===
2022-12-22T05:01:50:   Number of rows ............: 11
2022-12-22T05:01:50:   Number of columns .........: 11
2022-12-22T05:01:50:   Number of nonzero elements : 4
2022-12-22T05:01:50:   Number of allocated cells .: 512
2022-12-22T05:01:50:   Memory block size .........: 512
2022-12-22T05:01:50:   Sparse matrix fill ........: 0.0330578512396694
2022-12-22T05:01:50:   Pending element ...........: 0
2022-12-22T05:01:50:   Fill stack size ...........: 0 (none)
2022-12-22T05:01:50:   0, 0, 0, 0, 0, 0, 0, 0, 0, 0, 0
2022-12-22T05:01:50:   0, 0, 0, 0, 0, 0, 0, 0, 0, 0, 0
2022-12-22T05:01:50:   0, 0, 554151.487616403, -165681.48928276, 0, 0, 0, 0, 0, 0, 0
2022-12-22T05:01:50:   0, 0, -165681.489282761, 432085.750499307, 0, 0, 0, 0, 0, 0, 0
2022-12-22T05:01:50:   0, 0, 0, 0, 0, 0, 0, 0, 0, 0, 0
2022-12-22T05:01:50:   0, 0, 0, 0, 0, 0, 0, 0, 0, 0, 0
2022-12-22T05:01:50:   0, 0, 0, 0, 0, 0, 0, 0, 0, 0, 0
2022-12-22T05:01:50:   0, 0, 0, 0, 0, 0, 0, 0, 0, 0, 0
2022-12-22T05:01:50:   0, 0, 0, 0, 0, 0, 0, 0, 0, 0, 0
2022-12-22T05:01:50:   0, 0, 0, 0, 0, 0, 0, 0, 0, 0, 0
2022-12-22T05:01:50:   0, 0, 0, 0, 0, 0, 0, 0, 0, 0, 0
2022-12-22T05:01:53: 
2022-12-22T05:01:53: +=========================================+
2022-12-22T05:01:53: | Maximum likelihood optimisation results |
2022-12-22T05:01:53: +=========================================+
2022-12-22T05:01:53: === GOptimizerLM ===
2022-12-22T05:01:53:  Optimized function value ..: -3640399.799
2022-12-22T05:01:53:  Absolute precision ........: 0.005
2022-12-22T05:01:53:  Acceptable value decrease .: 0
2022-12-22T05:01:53:  Optimization status .......: converged
2022-12-22T05:01:53:  Number of parameters ......: 11
2022-12-22T05:01:53:  Number of free parameters .: 2
2022-12-22T05:01:53:  Number of iterations ......: 5
2022-12-22T05:01:53:  Lambda ....................: 1
2022-12-22T05:01:53:  Total number of iterations : 11
2022-12-22T05:01:53:  Maximum log likelihood ....: 3640399.799
2022-12-22T05:01:53:  Observed events  (Nobs) ...: 2991659.000
2022-12-22T05:01:53:  Predicted events (Npred) ..: 2992969.487 (Nobs - Npred = -1310.48696025042)
2022-12-22T05:01:53: === GModels ===
2022-12-22T05:01:53:  Number of models ..........: 2
2022-12-22T05:01:53:  Number of parameters ......: 11
2022-12-22T05:01:53: === GModelSky ===
2022-12-22T05:01:53:  Name ......................: pwn_0
2022-12-22T05:01:53:  Instruments ...............: all
2022-12-22T05:01:53:  Observation identifiers ...: all
2022-12-22T05:01:53:  Model type ................: ExtendedSource
2022-12-22T05:01:53:  Model components ..........: "RadialGaussian" * "PowerLaw" * "Constant"
2022-12-22T05:01:53:  Number of parameters ......: 7
2022-12-22T05:01:53:  Number of spatial par's ...: 3
2022-12-22T05:01:53:   GLON .....................: 0 [-360,360] deg (fixed,scale=1,gradient)
2022-12-22T05:01:53:   GLAT .....................: 0 [-90,90] deg (fixed,scale=1,gradient)
2022-12-22T05:01:53:   Sigma ....................: 0.0206530737262846 +/- 0.00142766615628182 [0.001,10] deg (free,scale=1,gradient)
2022-12-22T05:01:53:  Number of spectral par's ..: 3
2022-12-22T05:01:53:   Prefactor ................: 5.78618581606297e-18 +/- 1.61679867290756e-19 [1e-23,1e-13] ph/cm2/s/MeV (free,scale=1e-16,gradient)
2022-12-22T05:01:53:   Index ....................: -2.48 [-5,-0]  (fixed,scale=-1,gradient)
2022-12-22T05:01:53:   PivotEnergy ..............: 300000 [10000,1000000000] MeV (fixed,scale=1000000,gradient)
2022-12-22T05:01:53:  Number of temporal par's ..: 1
2022-12-22T05:01:53:   Normalization ............: 1 (relative value) (fixed,scale=1,gradient)
2022-12-22T05:01:53:  Number of scale par's .....: 0
2022-12-22T05:01:53: === GCTAModelCubeBackground ===
2022-12-22T05:01:53:  Name ......................: BackgroundModel
2022-12-22T05:01:53:  Instruments ...............: CTA, HESS, MAGIC, VERITAS, ASTRI
2022-12-22T05:01:53:  Observation identifiers ...: all
2022-12-22T05:01:53:  Model type ................: "PowerLaw" * "Constant"
2022-12-22T05:01:53:  Number of parameters ......: 4
2022-12-22T05:01:53:  Number of spectral par's ..: 3
2022-12-22T05:01:53:   Prefactor ................: 1 [0.01,100] ph/cm2/s/MeV (fixed,scale=1,gradient)
2022-12-22T05:01:53:   Index ....................: 0 [-5,5]  (fixed,scale=1,gradient)
2022-12-22T05:01:53:   PivotEnergy ..............: 1000000 MeV (fixed,scale=1000000,gradient)
2022-12-22T05:01:53:  Number of temporal par's ..: 1
2022-12-22T05:01:53:   Normalization ............: 1 (relative value) (fixed,scale=1,gradient)
2022-12-22T05:01:53: 
2022-12-22T05:01:53: +==============+
2022-12-22T05:01:53: | Save results |
2022-12-22T05:01:53: +==============+
2022-12-22T05:01:53:  Model definition file .....: emin=0.10_emax=10.00_side=3.00_models_extend_source_tscalc_results.xml
2022-12-22T05:01:53:  Covariance matrix file ....: NONE
2022-12-22T05:01:53: 
2022-12-22T05:01:53: Application "ctlike" terminated after 35 wall clock seconds, consuming 34.9822 seconds of CPU time and generating a carbon footprint of 0.136104 g eCO2.
